[2019-01-06 19:58:19] run_gem_wrappers
run_gem_wrappers () 
{ 
    gem_install gem-wrappers > /dev/null && gem wrappers "$@" || return $?
}
current path: /home/sec/.rvm/src/ruby-2.6.0
GEM_HOME=/home/sec/.rvm/gems/ruby-2.6.0@global
GEM_PATH=/home/sec/.rvm/gems/ruby-2.6.0@global
PATH=/home/sec/.rvm/gems/ruby-2.6.0@global/bin:/home/sec/.rvm/rubies/ruby-2.6.0/bin:/home/sec/.rvm/bin:/opt/AIK-Linux-v3.3-ALL:/home/sec/anaconda3/bin:/home/sec/.npm-global/bin:/usr/local/sbin:/usr/local/bin:/usr/sbin:/usr/bin:/sbin:/bin:/usr/games:/usr/local/games:/snap/bin:/home/sec/.dotnet/tools
command(2): run_gem_wrappers regenerate
++ /scripts/functions/gemset : run_gem_wrappers()  340 > gem_install gem-wrappers
++ /scripts/functions/gemset : gem_install()  145 > typeset gem_name gem_version version_check
++ /scripts/functions/gemset : gem_install()  147 > gem_version=
++ /scripts/functions/gemset : gem_install()  148 > __rvm_parse_gems_args gem-wrappers
++ /scripts/functions/gemset : __rvm_parse_gems_args()  102 > typeset gem=gem-wrappers
++ /scripts/functions/gemset : __rvm_parse_gems_args()  104 > __rvm_string_match gem-wrappers '*.gem$'
++ /scripts/functions/support : __rvm_string_match()  35 > typeset _string
++ /scripts/functions/support : __rvm_string_match()  36 > _string=gem-wrappers
++ /scripts/functions/support : __rvm_string_match()  37 > shift
++ /scripts/functions/support : __rvm_string_match()  38 > ((  1  ))
++ /scripts/functions/support : __rvm_string_match()  40 > case "${_string}" in
++ /scripts/functions/support : __rvm_string_match()  43 > shift
++ /scripts/functions/support : __rvm_string_match()  38 > ((  0  ))
++ /scripts/functions/support : __rvm_string_match()  45 > return 1
++ /scripts/functions/gemset : __rvm_parse_gems_args()  109 > gem_name=gem-wrappers
++ /scripts/functions/gemset : __rvm_parse_gems_args()  110 > case "$gem" in
++ /scripts/functions/gemset : gem_install()  150 > [[ -z '' ]]
++ /scripts/functions/gemset : gem_install()  151 > __rvm_db gem_gem-wrappers_version gem_version
++ /scripts/functions/db : __rvm_db()  27 > typeset value key variable
++ /scripts/functions/db : __rvm_db()  28 > key=gem_gem-wrappers_version
++ /scripts/functions/db : __rvm_db()  29 > variable=gem_version
++ /scripts/functions/db : __rvm_db()  30 > value=
++ /scripts/functions/db : __rvm_db()  32 > [[ -f /home/sec/.rvm/user/db ]]
+++ /scripts/functions/db : __rvm_db()  33 > __rvm_db_ /home/sec/.rvm/user/db gem_gem-wrappers_version
+++ /scripts/functions/db : __rvm_db_()  77 > typeset __db __key __value
+++ /scripts/functions/db : __rvm_db_()  78 > __db=/home/sec/.rvm/user/db
+++ /scripts/functions/db : __rvm_db_()  79 > __key=gem_gem-wrappers_version
+++ /scripts/functions/db : __rvm_db_()  80 > shift 2
+++ /scripts/functions/db : __rvm_db_()  81 > __value=
+++ /scripts/functions/db : __rvm_db_()  82 > case "${__value}" in
+++ /scripts/functions/db : __rvm_db_()  87 > __rvm_db_get /home/sec/.rvm/user/db gem_gem-wrappers_version
+++ /scripts/functions/db : __rvm_db_get()  69 > [[ -f /home/sec/.rvm/user/db ]]
+++ /scripts/functions/db : __rvm_db_get()  70 > __rvm_sed -n -e '\#^gem_gem-wrappers_version=# { s#^gem_gem-wrappers_version=##;; p; }' -e '/^$/d'
+++ /scripts/functions/support : __rvm_sed()  277 > sed -n -e '\#^gem_gem-wrappers_version=# { s#^gem_gem-wrappers_version=##;; p; }' -e '/^$/d'
++ /scripts/functions/db : __rvm_db()  33 > value=
++ /scripts/functions/db : __rvm_db()  35 > [[ -z '' ]]
++ /scripts/functions/db : __rvm_db()  35 > [[ -f /home/sec/.rvm/config/db ]]
+++ /scripts/functions/db : __rvm_db()  36 > __rvm_db_ /home/sec/.rvm/config/db gem_gem-wrappers_version
+++ /scripts/functions/db : __rvm_db_()  77 > typeset __db __key __value
+++ /scripts/functions/db : __rvm_db_()  78 > __db=/home/sec/.rvm/config/db
+++ /scripts/functions/db : __rvm_db_()  79 > __key=gem_gem-wrappers_version
+++ /scripts/functions/db : __rvm_db_()  80 > shift 2
+++ /scripts/functions/db : __rvm_db_()  81 > __value=
+++ /scripts/functions/db : __rvm_db_()  82 > case "${__value}" in
+++ /scripts/functions/db : __rvm_db_()  87 > __rvm_db_get /home/sec/.rvm/config/db gem_gem-wrappers_version
+++ /scripts/functions/db : __rvm_db_get()  69 > [[ -f /home/sec/.rvm/config/db ]]
+++ /scripts/functions/db : __rvm_db_get()  70 > __rvm_sed -n -e '\#^gem_gem-wrappers_version=# { s#^gem_gem-wrappers_version=##;; p; }' -e '/^$/d'
+++ /scripts/functions/support : __rvm_sed()  277 > sed -n -e '\#^gem_gem-wrappers_version=# { s#^gem_gem-wrappers_version=##;; p; }' -e '/^$/d'
++ /scripts/functions/db : __rvm_db()  36 > value='>=1.4.0'
++ /scripts/functions/db : __rvm_db()  38 > [[ -n >=1.4.0 ]]
++ /scripts/functions/db : __rvm_db()  39 > [[ -n gem_version ]]
++ /scripts/functions/db : __rvm_db()  40 > eval 'gem_version='\''>=1.4.0'\'''
+++ /scripts/functions/db : __rvm_db()  40 > gem_version='>=1.4.0'
++ /scripts/functions/db : __rvm_db()  43 > true
++ /scripts/functions/gemset : gem_install()  155 > ((  0 == 0  ))
++ /scripts/functions/gemset : gem_install()  155 > is_gem_installed
++ /scripts/functions/gemset : is_gem_installed()  127 > typeset gem_spec
++ /scripts/functions/gemset : is_gem_installed()  128 > gem_spec='gem '\''gem-wrappers'\'''
++ /scripts/functions/gemset : is_gem_installed()  130 > [[ -n >=1.4.0 ]]
++ /scripts/functions/gemset : is_gem_installed()  132 > gem_spec+=', '\''>=1.4.0'\'''
++ /scripts/functions/gemset : is_gem_installed()  133 > version_check=1.4.0
++ /scripts/functions/gemset : is_gem_installed()  137 > ls -ld /home/sec/.rvm/gems/ruby-2.6.0@global/gems/gem-wrappers-1.4.0
++ /scripts/functions/gemset : gem_install()  157 > rvm_log 'gem gem-wrappers >=1.4.0 is already installed'
++ /scripts/functions/logging : rvm_log()  210 > [[ '' == 1 ]]
++ /scripts/functions/logging : rvm_log()  212 > printf %b 'gem gem-wrappers >=1.4.0 is already installed\n'
++ /scripts/functions/gemset : gem_install()  158 > return 0
++ /scripts/functions/gemset : run_gem_wrappers()  341 > gem wrappers regenerate
