[2019-01-06 19:55:31] __rvm_make
__rvm_make () 
{ 
    \make "$@" || return $?
}
current path: /home/sec/.rvm/src/ruby-2.6.0
GEM_HOME=/home/sec/.rvm/gems/ruby-2.5.1
GEM_PATH=/home/sec/.rvm/gems/ruby-2.5.1:/home/sec/.rvm/gems/ruby-2.5.1@global
PATH=/home/sec/.rvm/gems/ruby-2.5.1/bin:/home/sec/.rvm/gems/ruby-2.5.1@global/bin:/home/sec/.rvm/rubies/ruby-2.5.1/bin:/home/sec/.rvm/bin:/opt/AIK-Linux-v3.3-ALL:/home/sec/anaconda3/bin:/home/sec/.npm-global/bin:/usr/local/sbin:/usr/local/bin:/usr/sbin:/usr/bin:/sbin:/bin:/usr/games:/usr/local/games:/snap/bin:/home/sec/.dotnet/tools
command(2): __rvm_make -j2
++ /scripts/functions/support : __rvm_make()  383 > make -j2
	BASERUBY = /home/sec/.rvm/rubies/ruby-2.5.1/bin/ruby --disable=gems
	CC = gcc
	LD = ld
	LDSHARED = gcc -shared
	CFLAGS = -O3 -ggdb3 -Wall -Wextra -Wdeclaration-after-statement -Wdeprecated-declarations -Wduplicated-cond -Wimplicit-function-declaration -Wimplicit-int -Wmisleading-indentation -Wpointer-arith -Wrestrict -Wwrite-strings -Wimplicit-fallthrough=0 -Wmissing-noreturn -Wno-cast-function-type -Wno-constant-logical-operand -Wno-long-long -Wno-missing-field-initializers -Wno-overlength-strings -Wno-packed-bitfield-compat -Wno-parentheses-equality -Wno-self-assign -Wno-tautological-compare -Wno-unused-parameter -Wno-unused-value -Wsuggest-attribute=format -Wsuggest-attribute=noreturn -Wunused-variable -std=gnu99  -fPIC 
	XCFLAGS = -D_FORTIFY_SOURCE=2 -fstack-protector-strong -fno-strict-overflow -fvisibility=hidden -fexcess-precision=standard -DRUBY_EXPORT -DCANONICALIZATION_FOR_MATHN
	CPPFLAGS =   -I. -I.ext/include/x86_64-linux -I./include -I. -I./enc/unicode/11.0.0 
	DLDFLAGS = -Wl,--compress-debug-sections=zlib -Wl,-soname,libruby.so.2.6  -fstack-protector-strong  
	SOLIBS = -lz -lpthread -lrt -lrt -lgmp -ldl -lcrypt -lm 
	LANG = en_GB.UTF-8
	LC_ALL = 
	LC_CTYPE = en_GB.UTF-8
gcc (Ubuntu 8.2.0-7ubuntu1) 8.2.0
Copyright (C) 2018 Free Software Foundation, Inc.
This is free software; see the source for copying conditions.  There is NO
warranty; not even for MERCHANTABILITY or FITNESS FOR A PARTICULAR PURPOSE.

compiling ./main.c
compiling dmydln.c
compiling dmyext.c
compiling miniinit.c
compiling miniprelude.c
making dummy probes.h
compiling ast.c
compiling bignum.c
compiling class.c
compiling compar.c
compiling compile.c
compiling complex.c
compiling cont.c
compiling debug.c
compiling debug_counter.c
compiling dir.c
compiling dln_find.c
compiling encoding.c
compiling enum.c
compiling enumerator.c
compiling error.c
compiling eval.c
compiling file.c
compiling gc.c
compiling hash.c
compiling inits.c
compiling io.c
compiling iseq.c
compiling load.c
compiling marshal.c
compiling math.c
making mjit_config.h
compiling mjit_compile.c
compiling node.c
compiling numeric.c
compiling object.c
compiling pack.c
compiling parse.c
compiling proc.c
compiling process.c
compiling random.c
compiling range.c
compiling rational.c
compiling re.c
compiling regcomp.c
compiling regenc.c
compiling regerror.c
compiling regexec.c
compiling regparse.c
compiling regsyntax.c
compiling ruby.c
compiling safe.c
compiling signal.c
compiling sprintf.c
compiling st.c
compiling strftime.c
compiling string.c
compiling struct.c
compiling symbol.c
compiling thread.c
compiling time.c
compiling transcode.c
compiling transient_heap.c
compiling util.c
compiling variable.c
./revision.h unchanged
compiling vm.c
compiling vm_backtrace.c
compiling vm_dump.c
compiling vm_trace.c
compiling ./missing/setproctitle.c
compiling ./missing/strlcat.c
compiling ./missing/strlcpy.c
compiling addr2line.c
compiling dmyenc.c
compiling dln.c
compiling localeinit.c
compiling prelude.c
compiling array.c
compiling mjit.c
assembling coroutine/amd64/Context.S
compiling enc/ascii.c
compiling enc/us_ascii.c
compiling enc/unicode.c
compiling enc/utf_8.c
compiling enc/trans/newline.c
building rb_mjit_header.h
rb_mjit_header.h updated
compiling version.c
linking miniruby
generating encdb.h
encdb.h updated
building .ext/include/x86_64-linux/rb_mjit_min_header-2.6.0.h
./miniruby -I./lib -I. -I.ext/common  ./tool/transform_mjit_header.rb "gcc " rb_mjit_header.h .ext/include/x86_64-linux/rb_mjit_min_header-2.6.0.h
./tool/ifchange "--timestamp=.rbconfig.time" rbconfig.rb rbconfig.tmp
rbconfig.rb updated
generating enc.mk
creating verconf.h
verconf.h updated
making srcs under enc
make[1]: Entering directory '/home/sec/.rvm/src/ruby-2.6.0'
make[1]: Nothing to be done for 'srcs'.
make[1]: Leaving directory '/home/sec/.rvm/src/ruby-2.6.0'
compiling loadpath.c
generating transdb.h
transdb.h updated
linking static-library libruby-static.a

Transforming external functions to static:
transform_mjit_header: making external definition of 'Init_vm_stack_canary' static inline
transform_mjit_header: making external definition of 'rb_vm_opt_struct_aset' static inline
transform_mjit_header: making external definition of 'rb_vm_opt_struct_aref' static inline
transform_mjit_header: making external definition of 'rb_eql_opt' static inline
transform_mjit_header: changing definition of 'rb_equal_opt' to declaration
transform_mjit_header: changing definition of 'rb_vm_search_method_slowpath' to declaration
transform_mjit_header: making external definition of 'rb_vm_rewrite_cref' static inline
transform_mjit_header: making external definition of 'rb_vm_push_frame' static inline
transform_mjit_header: making external definition of 'rb_vm_block_ep_update' static inline
transform_mjit_header: making external definition of 'rb_vm_cref_new_toplevel' static inline
transform_mjit_header: making external definition of 'rb_vm_frame_block_handler' static inline
transform_mjit_header: making external definition of 'rb_vm_ep_local_ep' static inline
transform_mjit_header: making declaration of 'rb_vm_rewrite_cref' static inline
transform_mjit_header: making declaration of 'rb_vm_frame_block_handler' static inline
transform_mjit_header: making declaration of 'rb_vm_block_ep_update' static inline
transform_mjit_header: making declaration of 'rb_vm_ep_local_ep' static inline
transform_mjit_header: making declaration of 'Init_vm_stack_canary' static inline
transform_mjit_header: making declaration of 'rb_eql_opt' static inline
transform_mjit_header: making external definition of 'rb_scan_args_set' static inline
transform_mjit_header: making declaration of 'rb_scan_args_set' static inline
transform_mjit_header: SKIPPED to transform getlogin_r
transform_mjit_header: SKIPPED to transform pread64
transform_mjit_header: SKIPPED to transform pread
transform_mjit_header: SKIPPED to transform read
transform_mjit_header: SKIPPED to transform bsearch
transform_mjit_header: SKIPPED to transform fread_unlocked
transform_mjit_header: SKIPPED to transform fgets_unlocked
transform_mjit_header: SKIPPED to transform fread
transform_mjit_header: SKIPPED to transform fgets
transform_mjit_header: SKIPPED to transform vdprintf
transform_mjit_header: SKIPPED to transform dprintf
transform_mjit_header: SKIPPED to transform vfprintf
transform_mjit_header: SKIPPED to transform vprintf
transform_mjit_header: SKIPPED to transform printf
transform_mjit_header: SKIPPED to transform fprintf
transform_mjit_header: SKIPPED to transform getline
transform_mjit_header: SKIPPED to transform putchar_unlocked
transform_mjit_header: SKIPPED to transform putc_unlocked
transform_mjit_header: SKIPPED to transform fputc_unlocked
transform_mjit_header: SKIPPED to transform putchar
transform_mjit_header: SKIPPED to transform getchar_unlocked
transform_mjit_header: SKIPPED to transform getc_unlocked
transform_mjit_header: SKIPPED to transform fgetc_unlocked
transform_mjit_header: SKIPPED to transform getchar
ln -sf ../../../.ext/include/x86_64-linux/rb_mjit_min_header-2.6.0.h include/ruby-2.6.0/x86_64-linux/rb_mjit_min_header-2.6.0.h
linking shared-library libruby.so.2.6.0
generating makefiles ext/configure-ext.mk
making enc
make[1]: Entering directory '/home/sec/.rvm/src/ruby-2.6.0'
compiling ./enc/encdb.c
ext/configure-ext.mk updated
making trans
make[1]: Entering directory '/home/sec/.rvm/src/ruby-2.6.0'
compiling ./enc/trans/transdb.c
compiling ./enc/trans/big5.c
compiling ./enc/big5.c
compiling ./enc/cp949.c
compiling ./enc/emacs_mule.c
compiling ./enc/euc_jp.c
compiling ./enc/euc_kr.c
compiling ./enc/euc_tw.c
compiling ./enc/gb2312.c
compiling ./enc/gb18030.c
compiling ./enc/gbk.c
compiling ./enc/iso_8859_1.c
compiling ./enc/iso_8859_2.c
compiling ./enc/iso_8859_3.c
compiling ./enc/iso_8859_4.c
compiling ./enc/iso_8859_5.c
compiling ./enc/iso_8859_6.c
compiling ./enc/iso_8859_7.c
compiling ./enc/trans/chinese.c
compiling ./enc/iso_8859_8.c
compiling ./enc/iso_8859_9.c
compiling ./enc/iso_8859_10.c
compiling ./enc/iso_8859_11.c
compiling ./enc/iso_8859_13.c
compiling ./enc/iso_8859_14.c
compiling ./enc/iso_8859_15.c
compiling ./enc/trans/ebcdic.c
compiling ./enc/trans/emoji.c
compiling ./enc/iso_8859_16.c
compiling ./enc/koi8_r.c
compiling ./enc/koi8_u.c
compiling ./enc/trans/emoji_iso2022_kddi.c
compiling ./enc/shift_jis.c
compiling ./enc/utf_16be.c
compiling ./enc/utf_16le.c
compiling ./enc/utf_32be.c
compiling ./enc/trans/emoji_sjis_docomo.c
compiling ./enc/utf_32le.c
compiling ./enc/windows_31j.c
compiling ./enc/windows_1250.c
compiling ./enc/windows_1251.c
compiling ./enc/trans/emoji_sjis_kddi.c
compiling ./enc/windows_1252.c
compiling ./enc/windows_1253.c
compiling ./enc/windows_1254.c
compiling ./enc/windows_1257.c
compiling ./enc/trans/emoji_sjis_softbank.c
linking encoding encdb.so
linking encoding big5.so
linking encoding cp949.so
linking encoding emacs_mule.so
linking encoding euc_jp.so
linking encoding euc_kr.so
linking encoding euc_tw.so
linking encoding gb2312.so
linking encoding gb18030.so
linking encoding gbk.so
linking encoding iso_8859_1.so
linking encoding iso_8859_2.so
linking encoding iso_8859_3.so
linking encoding iso_8859_4.so
linking encoding iso_8859_5.so
linking encoding iso_8859_6.so
linking encoding iso_8859_7.so
linking encoding iso_8859_8.so
linking encoding iso_8859_9.so
linking encoding iso_8859_10.so
compiling ./enc/trans/escape.c
linking encoding iso_8859_11.so
linking encoding iso_8859_13.so
linking encoding iso_8859_14.so
linking encoding iso_8859_15.so
linking encoding iso_8859_16.so
compiling ./enc/trans/gb18030.c
linking encoding koi8_r.so
linking encoding koi8_u.so
linking encoding shift_jis.so
linking encoding utf_16be.so
linking encoding utf_16le.so
linking encoding utf_32be.so
linking encoding utf_32le.so
linking encoding windows_31j.so
linking encoding windows_1250.so
linking encoding windows_1251.so
linking encoding windows_1252.so
linking encoding windows_1253.so
linking encoding windows_1254.so
linking encoding windows_1257.so
make[1]: Leaving directory '/home/sec/.rvm/src/ruby-2.6.0'
make[1]: Entering directory '/home/sec/.rvm/src/ruby-2.6.0'
configuring stringio
configuring syslog
compiling ./enc/trans/gbk.c
configuring objspace
configuring strscan
configuring rubyvm
configuring digest
configuring digest/bubblebabble
configuring digest/md5
compiling ./enc/trans/iso2022.c
compiling ./enc/trans/japanese.c
compiling ./enc/trans/japanese_euc.c
configuring digest/rmd160
compiling ./enc/trans/japanese_sjis.c
compiling ./enc/trans/korean.c
configuring digest/sha1
compiling ./enc/trans/single_byte.c
configuring digest/sha2
compiling ./enc/trans/utf8_mac.c
compiling ./enc/trans/utf_16_32.c
linking transcoder transdb.so
configuring fiber
linking transcoder big5.so
configuring io/console
linking transcoder chinese.so
linking transcoder ebcdic.so
linking transcoder emoji.so
linking transcoder emoji_iso2022_kddi.so
linking transcoder emoji_sjis_docomo.so
linking transcoder emoji_sjis_kddi.so
linking transcoder emoji_sjis_softbank.so
linking transcoder escape.so
linking transcoder gb18030.so
linking transcoder gbk.so
linking transcoder iso2022.so
linking transcoder japanese.so
linking transcoder japanese_euc.so
linking transcoder japanese_sjis.so
linking transcoder korean.so
configuring io/nonblock
linking transcoder single_byte.so
linking transcoder utf8_mac.so
linking transcoder utf_16_32.so
make[1]: Leaving directory '/home/sec/.rvm/src/ruby-2.6.0'
configuring continuation
making encs
configuring io/wait
make[1]: Entering directory '/home/sec/.rvm/src/ruby-2.6.0'
make[1]: Nothing to be done for 'encs'.
make[1]: Leaving directory '/home/sec/.rvm/src/ruby-2.6.0'
configuring pty
configuring bigdecimal
configuring gdbm
configuring date
configuring -test-/arith_seq/extract
configuring -test-/array/resize
configuring -test-/bignum
configuring -test-/bug-3571
configuring -test-/bug-5832
configuring -test-/bug_reporter
configuring -test-/class
configuring -test-/debug
configuring -test-/dln/empty
configuring -test-/exception
configuring -test-/fatal
configuring -test-/file
configuring -test-/float
configuring -test-/funcall
configuring -test-/gvl/call_without_gvl
configuring -test-/hash
configuring -test-/integer
configuring -test-/iseq_load
configuring -test-/iter
configuring -test-/load/dot.dot
configuring -test-/load/protect
configuring -test-/marshal/compat
configuring -test-/marshal/internal_ivar
configuring -test-/marshal/usr
configuring -test-/memory_status
configuring -test-/method
configuring -test-/notimplement
configuring -test-/num2int
configuring -test-/path_to_class
configuring -test-/popen_deadlock
configuring -test-/postponed_job
configuring -test-/printf
configuring -test-/proc
configuring -test-/rational
configuring -test-/recursion
configuring -test-/regexp
configuring -test-/scan_args
configuring -test-/st/foreach
configuring -test-/st/numhash
configuring -test-/st/update
configuring -test-/string
configuring -test-/struct
configuring -test-/symbol
configuring -test-/thread_fd_close
configuring -test-/time
configuring -test-/tracepoint
configuring -test-/typeddata
configuring -test-/vm
configuring -test-/wait_for_single_fd
configuring bigdecimal/util
configuring cgi/escape
configuring readline
configuring psych
configuring openssl
configuring sdbm
configuring fcntl
configuring pathname
configuring fiddle
configuring socket
configuring ripper
configuring coverage
configuring rbconfig/sizeof
configuring etc
configuring zlib
configuring nkf
configuring racc/cparse
configuring json
configuring json/generator
configuring json/parser
configuring dbm
make[1]: Leaving directory '/home/sec/.rvm/src/ruby-2.6.0'
generating makefile exts.mk
exts.mk updated
make[1]: Entering directory '/home/sec/.rvm/src/ruby-2.6.0'
make[2]: Entering directory '/home/sec/.rvm/src/ruby-2.6.0/ext/stringio'
make[2]: Entering directory '/home/sec/.rvm/src/ruby-2.6.0/ext/syslog'
compiling stringio.c
compiling syslog.c
linking shared-object syslog.so
installing default syslog libraries
make[2]: Leaving directory '/home/sec/.rvm/src/ruby-2.6.0/ext/syslog'
make[2]: Entering directory '/home/sec/.rvm/src/ruby-2.6.0/ext/objspace'
compiling object_tracing.c
compiling objspace.c
linking shared-object stringio.so
make[2]: Leaving directory '/home/sec/.rvm/src/ruby-2.6.0/ext/stringio'
make[2]: Entering directory '/home/sec/.rvm/src/ruby-2.6.0/ext/strscan'
compiling strscan.c
compiling objspace_dump.c
linking shared-object objspace.so
make[2]: Leaving directory '/home/sec/.rvm/src/ruby-2.6.0/ext/objspace'
make[2]: Entering directory '/home/sec/.rvm/src/ruby-2.6.0/ext/rubyvm'
installing default libraries
make[2]: Leaving directory '/home/sec/.rvm/src/ruby-2.6.0/ext/rubyvm'
make[2]: Entering directory '/home/sec/.rvm/src/ruby-2.6.0/ext/digest'
compiling digest.c
linking shared-object strscan.so
make[2]: Leaving directory '/home/sec/.rvm/src/ruby-2.6.0/ext/strscan'
make[2]: Entering directory '/home/sec/.rvm/src/ruby-2.6.0/ext/fiber'
compiling fiber.c
linking shared-object fiber.so
make[2]: Leaving directory '/home/sec/.rvm/src/ruby-2.6.0/ext/fiber'
make[2]: Entering directory '/home/sec/.rvm/src/ruby-2.6.0/ext/io/console'
compiling console.c
linking shared-object digest.so
installing digest libraries
installing default digest libraries
make[2]: Leaving directory '/home/sec/.rvm/src/ruby-2.6.0/ext/digest'
make[2]: Entering directory '/home/sec/.rvm/src/ruby-2.6.0/ext/io/nonblock'
compiling nonblock.c
linking shared-object io/nonblock.so
make[2]: Leaving directory '/home/sec/.rvm/src/ruby-2.6.0/ext/io/nonblock'
make[2]: Entering directory '/home/sec/.rvm/src/ruby-2.6.0/ext/io/wait'
compiling wait.c
linking shared-object io/console.so
installing default console libraries
make[2]: Leaving directory '/home/sec/.rvm/src/ruby-2.6.0/ext/io/console'
make[2]: Entering directory '/home/sec/.rvm/src/ruby-2.6.0/ext/continuation'
compiling continuation.c
linking shared-object io/wait.so
make[2]: Leaving directory '/home/sec/.rvm/src/ruby-2.6.0/ext/io/wait'
make[2]: Entering directory '/home/sec/.rvm/src/ruby-2.6.0/ext/pty'
compiling pty.c
linking shared-object continuation.so
make[2]: Leaving directory '/home/sec/.rvm/src/ruby-2.6.0/ext/continuation'
installing default pty libraries
make[2]: Entering directory '/home/sec/.rvm/src/ruby-2.6.0/ext/bigdecimal'
compiling bigdecimal.c
linking shared-object pty.so
make[2]: Leaving directory '/home/sec/.rvm/src/ruby-2.6.0/ext/pty'
make[2]: Entering directory '/home/sec/.rvm/src/ruby-2.6.0/ext/gdbm'
compiling gdbm.c
linking shared-object gdbm.so
make[2]: Leaving directory '/home/sec/.rvm/src/ruby-2.6.0/ext/gdbm'
make[2]: Entering directory '/home/sec/.rvm/src/ruby-2.6.0/ext/date'
compiling date_core.c
linking shared-object bigdecimal.so
installing default bigdecimal libraries
make[2]: Leaving directory '/home/sec/.rvm/src/ruby-2.6.0/ext/bigdecimal'
make[2]: Entering directory '/home/sec/.rvm/src/ruby-2.6.0/ext/-test-/arith_seq/extract'
compiling extract.c
linking shared-object -test-/arith_seq/extract.so
make[2]: Leaving directory '/home/sec/.rvm/src/ruby-2.6.0/ext/-test-/arith_seq/extract'
make[2]: Entering directory '/home/sec/.rvm/src/ruby-2.6.0/ext/-test-/array/resize'
compiling resize.c
linking shared-object -test-/array/resize.so
make[2]: Leaving directory '/home/sec/.rvm/src/ruby-2.6.0/ext/-test-/array/resize'
compiling date_parse.c
compiling date_strftime.c
compiling date_strptime.c
make[2]: Entering directory '/home/sec/.rvm/src/ruby-2.6.0/ext/-test-/bignum'
compiling bigzero.c
installing default date_core libraries
linking shared-object date_core.so
compiling mul.c
make[2]: Leaving directory '/home/sec/.rvm/src/ruby-2.6.0/ext/date'
compiling div.c
compiling intpack.c
compiling big2str.c
compiling str2big.c
compiling init.c
make[2]: Entering directory '/home/sec/.rvm/src/ruby-2.6.0/ext/-test-/bug-3571'
compiling bug.c
linking shared-object -test-/bignum.so
make[2]: Leaving directory '/home/sec/.rvm/src/ruby-2.6.0/ext/-test-/bignum'
make[2]: Entering directory '/home/sec/.rvm/src/ruby-2.6.0/ext/-test-/bug-5832'
compiling bug.c
linking shared-object -test-/bug_3571.so
make[2]: Leaving directory '/home/sec/.rvm/src/ruby-2.6.0/ext/-test-/bug-3571'
make[2]: Entering directory '/home/sec/.rvm/src/ruby-2.6.0/ext/-test-/bug_reporter'
compiling bug_reporter.c
linking shared-object -test-/bug_5832.so
make[2]: Leaving directory '/home/sec/.rvm/src/ruby-2.6.0/ext/-test-/bug-5832'
make[2]: Entering directory '/home/sec/.rvm/src/ruby-2.6.0/ext/-test-/class'
compiling init.c
linking shared-object -test-/bug_reporter.so
make[2]: Leaving directory '/home/sec/.rvm/src/ruby-2.6.0/ext/-test-/bug_reporter'
make[2]: Entering directory '/home/sec/.rvm/src/ruby-2.6.0/ext/-test-/debug'
compiling profile_frames.c
compiling class2name.c
compiling inspector.c
linking shared-object -test-/class.so
make[2]: Leaving directory '/home/sec/.rvm/src/ruby-2.6.0/ext/-test-/class'
compiling init.c
make[2]: Entering directory '/home/sec/.rvm/src/ruby-2.6.0/ext/-test-/dln/empty'
compiling empty.c
linking shared-object -test-/dln/empty.so
linking shared-object -test-/debug.so
make[2]: Leaving directory '/home/sec/.rvm/src/ruby-2.6.0/ext/-test-/dln/empty'
make[2]: Entering directory '/home/sec/.rvm/src/ruby-2.6.0/ext/-test-/exception'
compiling dataerror.c
make[2]: Leaving directory '/home/sec/.rvm/src/ruby-2.6.0/ext/-test-/debug'
make[2]: Entering directory '/home/sec/.rvm/src/ruby-2.6.0/ext/-test-/fatal'
compiling rb_fatal.c
compiling enc_raise.c
linking shared-object -test-/fatal/rb_fatal.so
make[2]: Leaving directory '/home/sec/.rvm/src/ruby-2.6.0/ext/-test-/fatal'
compiling init.c
make[2]: Entering directory '/home/sec/.rvm/src/ruby-2.6.0/ext/-test-/file'
compiling stat.c
compiling ensured.c
compiling fs.c
linking shared-object -test-/exception.so
make[2]: Leaving directory '/home/sec/.rvm/src/ruby-2.6.0/ext/-test-/exception'
compiling init.c
make[2]: Entering directory '/home/sec/.rvm/src/ruby-2.6.0/ext/-test-/float'
compiling nextafter.c
linking shared-object -test-/file.so
make[2]: Leaving directory '/home/sec/.rvm/src/ruby-2.6.0/ext/-test-/file'
make[2]: Entering directory '/home/sec/.rvm/src/ruby-2.6.0/ext/-test-/funcall'
compiling funcall.c
compiling init.c
linking shared-object -test-/funcall.so
make[2]: Leaving directory '/home/sec/.rvm/src/ruby-2.6.0/ext/-test-/funcall'
make[2]: Entering directory '/home/sec/.rvm/src/ruby-2.6.0/ext/-test-/gvl/call_without_gvl'
compiling call_without_gvl.c
linking shared-object -test-/float.so
make[2]: Leaving directory '/home/sec/.rvm/src/ruby-2.6.0/ext/-test-/float'
make[2]: Entering directory '/home/sec/.rvm/src/ruby-2.6.0/ext/-test-/hash'
compiling delete.c
linking shared-object -test-/gvl/call_without_gvl.so
make[2]: Leaving directory '/home/sec/.rvm/src/ruby-2.6.0/ext/-test-/gvl/call_without_gvl'
compiling init.c
make[2]: Entering directory '/home/sec/.rvm/src/ruby-2.6.0/ext/-test-/integer'
compiling my_integer.c
linking shared-object -test-/hash.so
make[2]: Leaving directory '/home/sec/.rvm/src/ruby-2.6.0/ext/-test-/hash'
compiling init.c
make[2]: Entering directory '/home/sec/.rvm/src/ruby-2.6.0/ext/-test-/iseq_load'
compiling iseq_load.c
compiling core_ext.c
linking shared-object -test-/iseq_load.so
make[2]: Leaving directory '/home/sec/.rvm/src/ruby-2.6.0/ext/-test-/iseq_load'
make[2]: Entering directory '/home/sec/.rvm/src/ruby-2.6.0/ext/-test-/iter'
compiling break.c
linking shared-object -test-/integer.so
make[2]: Leaving directory '/home/sec/.rvm/src/ruby-2.6.0/ext/-test-/integer'
compiling yield.c
make[2]: Entering directory '/home/sec/.rvm/src/ruby-2.6.0/ext/-test-/load/dot.dot'
compiling dot.dot.c
linking shared-object -test-/load/dot.dot.so
make[2]: Leaving directory '/home/sec/.rvm/src/ruby-2.6.0/ext/-test-/load/dot.dot'
compiling init.c
make[2]: Entering directory '/home/sec/.rvm/src/ruby-2.6.0/ext/-test-/load/protect'
compiling protect.c
linking shared-object -test-/iter.so
make[2]: Leaving directory '/home/sec/.rvm/src/ruby-2.6.0/ext/-test-/iter'
make[2]: Entering directory '/home/sec/.rvm/src/ruby-2.6.0/ext/-test-/marshal/compat'
compiling usrcompat.c
linking shared-object -test-/load/protect.so
make[2]: Leaving directory '/home/sec/.rvm/src/ruby-2.6.0/ext/-test-/load/protect'
make[2]: Entering directory '/home/sec/.rvm/src/ruby-2.6.0/ext/-test-/marshal/internal_ivar'
compiling internal_ivar.c
linking shared-object -test-/marshal/compat.so
make[2]: Leaving directory '/home/sec/.rvm/src/ruby-2.6.0/ext/-test-/marshal/compat'
make[2]: Entering directory '/home/sec/.rvm/src/ruby-2.6.0/ext/-test-/marshal/usr'
compiling usrmarshal.c
linking shared-object -test-/marshal/internal_ivar.so
make[2]: Leaving directory '/home/sec/.rvm/src/ruby-2.6.0/ext/-test-/marshal/internal_ivar'
make[2]: Entering directory '/home/sec/.rvm/src/ruby-2.6.0/ext/-test-/method'
compiling arity.c
linking shared-object -test-/marshal/usr.so
make[2]: Leaving directory '/home/sec/.rvm/src/ruby-2.6.0/ext/-test-/marshal/usr'
compiling init.c
make[2]: Entering directory '/home/sec/.rvm/src/ruby-2.6.0/ext/-test-/notimplement'
compiling bug.c
linking shared-object -test-/method.so
make[2]: Leaving directory '/home/sec/.rvm/src/ruby-2.6.0/ext/-test-/method'
make[2]: Entering directory '/home/sec/.rvm/src/ruby-2.6.0/ext/-test-/num2int'
compiling num2int.c
linking shared-object -test-/notimplement.so
make[2]: Leaving directory '/home/sec/.rvm/src/ruby-2.6.0/ext/-test-/notimplement'
make[2]: Entering directory '/home/sec/.rvm/src/ruby-2.6.0/ext/-test-/path_to_class'
compiling path_to_class.c
linking shared-object -test-/path_to_class.so
linking shared-object -test-/num2int.so
make[2]: Leaving directory '/home/sec/.rvm/src/ruby-2.6.0/ext/-test-/path_to_class'
make[2]: Entering directory '/home/sec/.rvm/src/ruby-2.6.0/ext/-test-/popen_deadlock'
compiling infinite_loop_dlsym.c
make[2]: Leaving directory '/home/sec/.rvm/src/ruby-2.6.0/ext/-test-/num2int'
make[2]: Entering directory '/home/sec/.rvm/src/ruby-2.6.0/ext/-test-/postponed_job'
compiling postponed_job.c
linking shared-object -test-/popen_deadlock/infinite_loop_dlsym.so
linking shared-object -test-/postponed_job.so
make[2]: Leaving directory '/home/sec/.rvm/src/ruby-2.6.0/ext/-test-/popen_deadlock'
make[2]: Entering directory '/home/sec/.rvm/src/ruby-2.6.0/ext/-test-/printf'
compiling printf.c
make[2]: Leaving directory '/home/sec/.rvm/src/ruby-2.6.0/ext/-test-/postponed_job'
make[2]: Entering directory '/home/sec/.rvm/src/ruby-2.6.0/ext/-test-/proc'
compiling receiver.c
compiling init.c
linking shared-object -test-/printf.so
make[2]: Leaving directory '/home/sec/.rvm/src/ruby-2.6.0/ext/-test-/printf'
compiling super.c
make[2]: Entering directory '/home/sec/.rvm/src/ruby-2.6.0/ext/-test-/rational'
compiling rat.c
linking shared-object -test-/proc.so
linking shared-object -test-/rational.so
make[2]: Leaving directory '/home/sec/.rvm/src/ruby-2.6.0/ext/-test-/proc'
make[2]: Entering directory '/home/sec/.rvm/src/ruby-2.6.0/ext/-test-/recursion'
compiling recursion.c
make[2]: Leaving directory '/home/sec/.rvm/src/ruby-2.6.0/ext/-test-/rational'
make[2]: Entering directory '/home/sec/.rvm/src/ruby-2.6.0/ext/-test-/regexp'
compiling parse_depth_limit.c
linking shared-object -test-/recursion.so
compiling init.c
make[2]: Leaving directory '/home/sec/.rvm/src/ruby-2.6.0/ext/-test-/recursion'
make[2]: Entering directory '/home/sec/.rvm/src/ruby-2.6.0/ext/-test-/scan_args'
compiling scan_args.c
linking shared-object -test-/regexp.so
make[2]: Leaving directory '/home/sec/.rvm/src/ruby-2.6.0/ext/-test-/regexp'
make[2]: Entering directory '/home/sec/.rvm/src/ruby-2.6.0/ext/-test-/st/foreach'
compiling foreach.c
linking shared-object -test-/st/foreach.so
make[2]: Leaving directory '/home/sec/.rvm/src/ruby-2.6.0/ext/-test-/st/foreach'
make[2]: Entering directory '/home/sec/.rvm/src/ruby-2.6.0/ext/-test-/st/numhash'
compiling numhash.c
linking shared-object -test-/st/numhash.so
make[2]: Leaving directory '/home/sec/.rvm/src/ruby-2.6.0/ext/-test-/st/numhash'
make[2]: Entering directory '/home/sec/.rvm/src/ruby-2.6.0/ext/-test-/st/update'
compiling update.c
linking shared-object -test-/st/update.so
make[2]: Leaving directory '/home/sec/.rvm/src/ruby-2.6.0/ext/-test-/st/update'
make[2]: Entering directory '/home/sec/.rvm/src/ruby-2.6.0/ext/-test-/string'
compiling nofree.c
linking shared-object -test-/scan_args.so
make[2]: Leaving directory '/home/sec/.rvm/src/ruby-2.6.0/ext/-test-/scan_args'
compiling new.c
compiling modify.c
compiling enc_str_buf_cat.c
make[2]: Entering directory '/home/sec/.rvm/src/ruby-2.6.0/ext/-test-/struct'
compiling duplicate.c
compiling init.c
compiling capacity.c
compiling len.c
compiling ellipsize.c
compiling member.c
compiling cstr.c
linking shared-object -test-/struct.so
make[2]: Leaving directory '/home/sec/.rvm/src/ruby-2.6.0/ext/-test-/struct'
compiling qsort.c
compiling init.c
compiling enc_associate.c
compiling coderange.c
compiling normalize.c
compiling fstring.c
compiling set_len.c
make[2]: Entering directory '/home/sec/.rvm/src/ruby-2.6.0/ext/-test-/symbol'
compiling type.c
linking shared-object -test-/string.so
compiling init.c
make[2]: Leaving directory '/home/sec/.rvm/src/ruby-2.6.0/ext/-test-/string'
make[2]: Entering directory '/home/sec/.rvm/src/ruby-2.6.0/ext/-test-/thread_fd_close'
compiling thread_fd_close.c
linking shared-object -test-/symbol.so
make[2]: Leaving directory '/home/sec/.rvm/src/ruby-2.6.0/ext/-test-/symbol'
linking shared-object -test-/thread_fd_close.so
make[2]: Entering directory '/home/sec/.rvm/src/ruby-2.6.0/ext/-test-/time'
compiling leap_second.c
make[2]: Leaving directory '/home/sec/.rvm/src/ruby-2.6.0/ext/-test-/thread_fd_close'
make[2]: Entering directory '/home/sec/.rvm/src/ruby-2.6.0/ext/-test-/tracepoint'
compiling gc_hook.c
compiling new.c
compiling tracepoint.c
compiling init.c
linking shared-object -test-/tracepoint.so
make[2]: Leaving directory '/home/sec/.rvm/src/ruby-2.6.0/ext/-test-/tracepoint'
make[2]: Entering directory '/home/sec/.rvm/src/ruby-2.6.0/ext/-test-/typeddata'
compiling typeddata.c
linking shared-object -test-/time.so
make[2]: Leaving directory '/home/sec/.rvm/src/ruby-2.6.0/ext/-test-/time'
make[2]: Entering directory '/home/sec/.rvm/src/ruby-2.6.0/ext/-test-/vm'
compiling at_exit.c
linking shared-object -test-/typeddata.so
make[2]: Leaving directory '/home/sec/.rvm/src/ruby-2.6.0/ext/-test-/typeddata'
make[2]: Entering directory '/home/sec/.rvm/src/ruby-2.6.0/ext/-test-/wait_for_single_fd'
compiling wait_for_single_fd.c
linking shared-object -test-/vm/at_exit.so
make[2]: Leaving directory '/home/sec/.rvm/src/ruby-2.6.0/ext/-test-/vm'
make[2]: Entering directory '/home/sec/.rvm/src/ruby-2.6.0/ext/cgi/escape'
compiling escape.c
linking shared-object -test-/wait_for_single_fd.so
make[2]: Leaving directory '/home/sec/.rvm/src/ruby-2.6.0/ext/-test-/wait_for_single_fd'
make[2]: Entering directory '/home/sec/.rvm/src/ruby-2.6.0/ext/readline'
compiling readline.c
linking shared-object cgi/escape.so
make[2]: Leaving directory '/home/sec/.rvm/src/ruby-2.6.0/ext/cgi/escape'
make[2]: Entering directory '/home/sec/.rvm/src/ruby-2.6.0/ext/psych'
compiling psych.c
compiling psych_emitter.c
linking shared-object readline.so
compiling psych_parser.c
make[2]: Leaving directory '/home/sec/.rvm/src/ruby-2.6.0/ext/readline'
make[2]: Entering directory '/home/sec/.rvm/src/ruby-2.6.0/ext/openssl'
compiling openssl_missing.c
compiling ossl.c
compiling psych_to_ruby.c
compiling psych_yaml_tree.c
compiling ossl_asn1.c
linking shared-object psych.so
make[2]: Leaving directory '/home/sec/.rvm/src/ruby-2.6.0/ext/psych'
make[2]: Entering directory '/home/sec/.rvm/src/ruby-2.6.0/ext/sdbm'
compiling _sdbm.c
compiling init.c
compiling ossl_bio.c
linking shared-object sdbm.so
make[2]: Leaving directory '/home/sec/.rvm/src/ruby-2.6.0/ext/sdbm'
make[2]: Entering directory '/home/sec/.rvm/src/ruby-2.6.0/ext/fcntl'
compiling fcntl.c
compiling ossl_bn.c
linking shared-object fcntl.so
make[2]: Leaving directory '/home/sec/.rvm/src/ruby-2.6.0/ext/fcntl'
make[2]: Entering directory '/home/sec/.rvm/src/ruby-2.6.0/ext/pathname'
compiling pathname.c
compiling ossl_cipher.c
installing default pathname libraries
linking shared-object pathname.so
make[2]: Leaving directory '/home/sec/.rvm/src/ruby-2.6.0/ext/pathname'
compiling ossl_config.c
compiling ossl_digest.c
make[2]: Entering directory '/home/sec/.rvm/src/ruby-2.6.0/ext/fiddle'
compiling closure.c
compiling conversions.c
compiling ossl_engine.c
compiling fiddle.c
compiling function.c
compiling ossl_hmac.c
compiling handle.c
compiling pointer.c
compiling ossl_kdf.c
linking shared-object fiddle.so
installing default fiddle libraries
make[2]: Leaving directory '/home/sec/.rvm/src/ruby-2.6.0/ext/fiddle'
compiling ossl_ns_spki.c
compiling ossl_ocsp.c
compiling ossl_pkcs12.c
compiling ossl_pkcs7.c
compiling ossl_pkey.c
make[2]: Entering directory '/home/sec/.rvm/src/ruby-2.6.0/ext/socket'
compiling init.c
compiling ossl_pkey_dh.c
compiling constants.c
compiling ossl_pkey_dsa.c
compiling ossl_pkey_ec.c
compiling basicsocket.c
compiling socket.c
compiling ossl_pkey_rsa.c
compiling ipsocket.c
compiling tcpsocket.c
compiling ossl_rand.c
compiling tcpserver.c
compiling sockssocket.c
compiling ossl_ssl.c
compiling udpsocket.c
compiling unixsocket.c
compiling unixserver.c
compiling option.c
compiling ossl_ssl_session.c
compiling ancdata.c
compiling ossl_x509.c
compiling ossl_x509attr.c
compiling raddrinfo.c
compiling ossl_x509cert.c
compiling ossl_x509crl.c
compiling ifaddr.c
compiling ossl_x509ext.c
installing default socket libraries
linking shared-object socket.so
make[2]: Leaving directory '/home/sec/.rvm/src/ruby-2.6.0/ext/socket'
make[2]: Entering directory '/home/sec/.rvm/src/ruby-2.6.0/ext/ripper'
compiling ripper.c
compiling ossl_x509name.c
compiling ossl_x509req.c
compiling ossl_x509revoked.c
compiling ossl_x509store.c
linking shared-object openssl.so
installing default openssl libraries
make[2]: Leaving directory '/home/sec/.rvm/src/ruby-2.6.0/ext/openssl'
make[2]: Entering directory '/home/sec/.rvm/src/ruby-2.6.0/ext/coverage'
compiling coverage.c
installing default coverage libraries
linking shared-object coverage.so
make[2]: Leaving directory '/home/sec/.rvm/src/ruby-2.6.0/ext/coverage'
make[2]: Entering directory '/home/sec/.rvm/src/ruby-2.6.0/ext/rbconfig/sizeof'
compiling sizes.c
compiling limits.c
linking shared-object rbconfig/sizeof.so
make[2]: Leaving directory '/home/sec/.rvm/src/ruby-2.6.0/ext/rbconfig/sizeof'
make[2]: Entering directory '/home/sec/.rvm/src/ruby-2.6.0/ext/etc'
compiling etc.c
linking shared-object etc.so
make[2]: Leaving directory '/home/sec/.rvm/src/ruby-2.6.0/ext/etc'
make[2]: Entering directory '/home/sec/.rvm/src/ruby-2.6.0/ext/zlib'
compiling zlib.c
linking shared-object zlib.so
make[2]: Leaving directory '/home/sec/.rvm/src/ruby-2.6.0/ext/zlib'
checking ../.././parse.y and ../.././ext/ripper/eventids2.c
make[2]: Entering directory '/home/sec/.rvm/src/ruby-2.6.0/ext/nkf'
compiling nkf.c
linking shared-object ripper.so
make[2]: Leaving directory '/home/sec/.rvm/src/ruby-2.6.0/ext/ripper'
installing default nkf libraries
make[2]: Entering directory '/home/sec/.rvm/src/ruby-2.6.0/ext/racc/cparse'
compiling cparse.c
linking shared-object racc/cparse.so
make[2]: Leaving directory '/home/sec/.rvm/src/ruby-2.6.0/ext/racc/cparse'
make[2]: Entering directory '/home/sec/.rvm/src/ruby-2.6.0/ext/json'
make[2]: Leaving directory '/home/sec/.rvm/src/ruby-2.6.0/ext/json'
make[2]: Entering directory '/home/sec/.rvm/src/ruby-2.6.0/ext/digest/bubblebabble'
compiling bubblebabble.c
linking shared-object digest/bubblebabble.so
make[2]: Leaving directory '/home/sec/.rvm/src/ruby-2.6.0/ext/digest/bubblebabble'
make[2]: Entering directory '/home/sec/.rvm/src/ruby-2.6.0/ext/digest/md5'
compiling md5init.c
linking shared-object digest/md5.so
make[2]: Leaving directory '/home/sec/.rvm/src/ruby-2.6.0/ext/digest/md5'
make[2]: Entering directory '/home/sec/.rvm/src/ruby-2.6.0/ext/digest/rmd160'
compiling rmd160init.c
linking shared-object digest/rmd160.so
make[2]: Leaving directory '/home/sec/.rvm/src/ruby-2.6.0/ext/digest/rmd160'
make[2]: Entering directory '/home/sec/.rvm/src/ruby-2.6.0/ext/digest/sha1'
compiling sha1init.c
linking shared-object digest/sha1.so
make[2]: Leaving directory '/home/sec/.rvm/src/ruby-2.6.0/ext/digest/sha1'
make[2]: Entering directory '/home/sec/.rvm/src/ruby-2.6.0/ext/digest/sha2'
compiling sha2init.c
linking shared-object digest/sha2.so
installing default sha2 libraries
make[2]: Leaving directory '/home/sec/.rvm/src/ruby-2.6.0/ext/digest/sha2'
make[2]: Entering directory '/home/sec/.rvm/src/ruby-2.6.0/ext/bigdecimal/util'
compiling util.c
linking shared-object bigdecimal/util.so
make[2]: Leaving directory '/home/sec/.rvm/src/ruby-2.6.0/ext/bigdecimal/util'
make[2]: Entering directory '/home/sec/.rvm/src/ruby-2.6.0/ext/json/generator'
compiling generator.c
linking shared-object nkf.so
make[2]: Leaving directory '/home/sec/.rvm/src/ruby-2.6.0/ext/nkf'
make[2]: Entering directory '/home/sec/.rvm/src/ruby-2.6.0/ext/json/parser'
compiling parser.c
linking shared-object json/ext/parser.so
make[2]: Leaving directory '/home/sec/.rvm/src/ruby-2.6.0/ext/json/parser'
linking shared-object json/ext/generator.so
make[2]: Leaving directory '/home/sec/.rvm/src/ruby-2.6.0/ext/json/generator'
make[2]: Entering directory '/home/sec/.rvm/src/ruby-2.6.0'
./revision.h unchanged
linking ruby
make[2]: Leaving directory '/home/sec/.rvm/src/ruby-2.6.0'
make[1]: Leaving directory '/home/sec/.rvm/src/ruby-2.6.0'
make[1]: Entering directory '/home/sec/.rvm/src/ruby-2.6.0'
*** Following extensions are not compiled:
dbm:
	Could not be configured. It will not be installed.
	Check ext/dbm/mkmf.log for more details.
*** Fix the problems, then remove these directories and try again if you want.
make[1]: Leaving directory '/home/sec/.rvm/src/ruby-2.6.0'
