[2019-01-06 19:55:31] __rvm_post_configure_ruby
__rvm_post_configure_ruby () 
{ 
    __rvm_post_configure_ruby_fix_athlon_sse2;
    __rvm_post_configure_ruby_update_setup
}
current path: /home/sec/.rvm/src/ruby-2.6.0
GEM_HOME=/home/sec/.rvm/gems/ruby-2.5.1
GEM_PATH=/home/sec/.rvm/gems/ruby-2.5.1:/home/sec/.rvm/gems/ruby-2.5.1@global
PATH=/home/sec/.rvm/gems/ruby-2.5.1/bin:/home/sec/.rvm/gems/ruby-2.5.1@global/bin:/home/sec/.rvm/rubies/ruby-2.5.1/bin:/home/sec/.rvm/bin:/opt/AIK-Linux-v3.3-ALL:/home/sec/anaconda3/bin:/home/sec/.npm-global/bin:/usr/local/sbin:/usr/local/bin:/usr/sbin:/usr/bin:/sbin:/bin:/usr/games:/usr/local/games:/snap/bin:/home/sec/.dotnet/tools
command(1): __rvm_post_configure_ruby
++ /scripts/functions/manage/ruby : __rvm_post_configure_ruby()  122 > __rvm_post_configure_ruby_fix_athlon_sse2
++ /scripts/functions/manage/ruby : __rvm_post_configure_ruby_fix_athlon_sse2()  129 > [[ -f /proc/cpuinfo ]]
++ /scripts/functions/manage/ruby : __rvm_post_configure_ruby_fix_athlon_sse2()  129 > [[ -f Makefile ]]
++ /scripts/functions/manage/ruby : __rvm_post_configure_ruby_fix_athlon_sse2()  130 > __rvm_grep '^XCFLAGS = .*-msse2' Makefile
++ /scripts/functions/support : __rvm_grep()  260 > GREP_OPTIONS=
++ /scripts/functions/support : __rvm_grep()  260 > command grep '^XCFLAGS = .*-msse2' Makefile
++ /scripts/functions/support : __rvm_grep()  260 > grep '^XCFLAGS = .*-msse2' Makefile
++ /scripts/functions/support : __rvm_grep()  260 > return 1
++ /scripts/functions/manage/ruby : __rvm_post_configure_ruby()  123 > __rvm_post_configure_ruby_update_setup
++ /scripts/functions/manage/ruby : __rvm_post_configure_ruby_update_setup()  139 > typeset option
++ /scripts/functions/manage/ruby : __rvm_post_configure_ruby_update_setup()  141 > ((  0 == 1  ))
