[2018-12-10 04:05:09] __rvm_set_executable
__rvm_set_executable () 
{ 
    for __file in "$@";
    do
        [[ -x "${__file}" ]] || chmod +x "${__file}";
    done
}
current path: /home/sec/.rvm/src/ruby-2.5.1
PATH=/opt/anaconda3/bin:/opt/anaconda3/bin:/home/sec/bin:/usr/local/sbin:/usr/local/bin:/usr/sbin:/usr/bin:/sbin:/bin:/usr/games:/usr/local/games:/snap/bin:/home/sec/.dotnet/tools:/home/sec/.rvm/bin:/home/sec/.rvm/bin:/home/sec/.rvm/bin
command(8): __rvm_set_executable /home/sec/.rvm/rubies/ruby-2.5.1/bin/erb /home/sec/.rvm/rubies/ruby-2.5.1/bin/gem /home/sec/.rvm/rubies/ruby-2.5.1/bin/irb /home/sec/.rvm/rubies/ruby-2.5.1/bin/rake /home/sec/.rvm/rubies/ruby-2.5.1/bin/rdoc /home/sec/.rvm/rubies/ruby-2.5.1/bin/ri /home/sec/.rvm/rubies/ruby-2.5.1/bin/ruby
++ /scripts/functions/gemset : __rvm_set_executable()  372 > for __file in "$@"
++ /scripts/functions/gemset : __rvm_set_executable()  373 > [[ -x /home/sec/.rvm/rubies/ruby-2.5.1/bin/erb ]]
++ /scripts/functions/gemset : __rvm_set_executable()  372 > for __file in "$@"
++ /scripts/functions/gemset : __rvm_set_executable()  373 > [[ -x /home/sec/.rvm/rubies/ruby-2.5.1/bin/gem ]]
++ /scripts/functions/gemset : __rvm_set_executable()  372 > for __file in "$@"
++ /scripts/functions/gemset : __rvm_set_executable()  373 > [[ -x /home/sec/.rvm/rubies/ruby-2.5.1/bin/irb ]]
++ /scripts/functions/gemset : __rvm_set_executable()  372 > for __file in "$@"
++ /scripts/functions/gemset : __rvm_set_executable()  373 > [[ -x /home/sec/.rvm/rubies/ruby-2.5.1/bin/rake ]]
++ /scripts/functions/gemset : __rvm_set_executable()  372 > for __file in "$@"
++ /scripts/functions/gemset : __rvm_set_executable()  373 > [[ -x /home/sec/.rvm/rubies/ruby-2.5.1/bin/rdoc ]]
++ /scripts/functions/gemset : __rvm_set_executable()  372 > for __file in "$@"
++ /scripts/functions/gemset : __rvm_set_executable()  373 > [[ -x /home/sec/.rvm/rubies/ruby-2.5.1/bin/ri ]]
++ /scripts/functions/gemset : __rvm_set_executable()  372 > for __file in "$@"
++ /scripts/functions/gemset : __rvm_set_executable()  373 > [[ -x /home/sec/.rvm/rubies/ruby-2.5.1/bin/ruby ]]
