[2018-12-10 04:05:19] gemset_import_list
gemset_import_list () 
{ 
    case "${rvm_ruby_string}" in 
        *jruby*)
            \command \gem install "$@"
        ;;
        *)
            \typeset line;
            for line in "$@";
            do
                gem_install $line || rvm_error "there was an error installing gem $line";
            done
        ;;
    esac
}
current path: /home/sec/.rvm/src/ruby-2.5.1
GEM_HOME=/home/sec/.rvm/gems/ruby-2.5.1@global
GEM_PATH=/home/sec/.rvm/gems/ruby-2.5.1@global
PATH=/home/sec/.rvm/gems/ruby-2.5.1@global/bin:/home/sec/.rvm/rubies/ruby-2.5.1/bin:/home/sec/.rvm/bin:/opt/anaconda3/bin:/opt/anaconda3/bin:/home/sec/bin:/usr/local/sbin:/usr/local/bin:/usr/sbin:/usr/bin:/sbin:/bin:/usr/games:/usr/local/games:/snap/bin:/home/sec/.dotnet/tools
command(6): gemset_import_list gem-wrappers rubygems-bundler rake rvm bundler
++ /scripts/functions/gemset : gemset_import_list()  233 > case "${rvm_ruby_string}" in
++ /scripts/functions/gemset : gemset_import_list()  239 > typeset line
++ /scripts/functions/gemset : gemset_import_list()  240 > for line in "$@"
++ /scripts/functions/gemset : gemset_import_list()  241 > gem_install gem-wrappers
++ /scripts/functions/gemset : gem_install()  143 > typeset gem_name gem_version version_check
++ /scripts/functions/gemset : gem_install()  145 > gem_version=
++ /scripts/functions/gemset : gem_install()  146 > __rvm_parse_gems_args gem-wrappers
++ /scripts/functions/gemset : __rvm_parse_gems_args()  100 > typeset gem=gem-wrappers
++ /scripts/functions/gemset : __rvm_parse_gems_args()  102 > __rvm_string_match gem-wrappers '*.gem$'
++ /scripts/functions/support : __rvm_string_match()  35 > typeset _string
++ /scripts/functions/support : __rvm_string_match()  36 > _string=gem-wrappers
++ /scripts/functions/support : __rvm_string_match()  37 > shift
++ /scripts/functions/support : __rvm_string_match()  38 > ((  1  ))
++ /scripts/functions/support : __rvm_string_match()  40 > case "${_string}" in
++ /scripts/functions/support : __rvm_string_match()  43 > shift
++ /scripts/functions/support : __rvm_string_match()  38 > ((  0  ))
++ /scripts/functions/support : __rvm_string_match()  45 > return 1
++ /scripts/functions/gemset : __rvm_parse_gems_args()  107 > gem_name=gem-wrappers
++ /scripts/functions/gemset : __rvm_parse_gems_args()  108 > case "$gem" in
++ /scripts/functions/gemset : gem_install()  148 > [[ -z '' ]]
++ /scripts/functions/gemset : gem_install()  149 > __rvm_db gem_gem-wrappers_version gem_version
++ /scripts/functions/db : __rvm_db()  27 > typeset value key variable
++ /scripts/functions/db : __rvm_db()  28 > key=gem_gem-wrappers_version
++ /scripts/functions/db : __rvm_db()  29 > variable=gem_version
++ /scripts/functions/db : __rvm_db()  30 > value=
++ /scripts/functions/db : __rvm_db()  32 > [[ -f /home/sec/.rvm/user/db ]]
+++ /scripts/functions/db : __rvm_db()  33 > __rvm_db_ /home/sec/.rvm/user/db gem_gem-wrappers_version
+++ /scripts/functions/db : __rvm_db_()  77 > typeset __db __key __value
+++ /scripts/functions/db : __rvm_db_()  78 > __db=/home/sec/.rvm/user/db
+++ /scripts/functions/db : __rvm_db_()  79 > __key=gem_gem-wrappers_version
+++ /scripts/functions/db : __rvm_db_()  80 > shift 2
+++ /scripts/functions/db : __rvm_db_()  81 > __value=
+++ /scripts/functions/db : __rvm_db_()  82 > case "${__value}" in
+++ /scripts/functions/db : __rvm_db_()  87 > __rvm_db_get /home/sec/.rvm/user/db gem_gem-wrappers_version
+++ /scripts/functions/db : __rvm_db_get()  69 > [[ -f /home/sec/.rvm/user/db ]]
+++ /scripts/functions/db : __rvm_db_get()  70 > __rvm_sed -n -e '\#^gem_gem-wrappers_version=# { s#^gem_gem-wrappers_version=##;; p; }' -e '/^$/d'
+++ /scripts/functions/support : __rvm_sed()  277 > sed -n -e '\#^gem_gem-wrappers_version=# { s#^gem_gem-wrappers_version=##;; p; }' -e '/^$/d'
++ /scripts/functions/db : __rvm_db()  33 > value=
++ /scripts/functions/db : __rvm_db()  35 > [[ -z '' ]]
++ /scripts/functions/db : __rvm_db()  35 > [[ -f /home/sec/.rvm/config/db ]]
+++ /scripts/functions/db : __rvm_db()  36 > __rvm_db_ /home/sec/.rvm/config/db gem_gem-wrappers_version
+++ /scripts/functions/db : __rvm_db_()  77 > typeset __db __key __value
+++ /scripts/functions/db : __rvm_db_()  78 > __db=/home/sec/.rvm/config/db
+++ /scripts/functions/db : __rvm_db_()  79 > __key=gem_gem-wrappers_version
+++ /scripts/functions/db : __rvm_db_()  80 > shift 2
+++ /scripts/functions/db : __rvm_db_()  81 > __value=
+++ /scripts/functions/db : __rvm_db_()  82 > case "${__value}" in
+++ /scripts/functions/db : __rvm_db_()  87 > __rvm_db_get /home/sec/.rvm/config/db gem_gem-wrappers_version
+++ /scripts/functions/db : __rvm_db_get()  69 > [[ -f /home/sec/.rvm/config/db ]]
+++ /scripts/functions/db : __rvm_db_get()  70 > __rvm_sed -n -e '\#^gem_gem-wrappers_version=# { s#^gem_gem-wrappers_version=##;; p; }' -e '/^$/d'
+++ /scripts/functions/support : __rvm_sed()  277 > sed -n -e '\#^gem_gem-wrappers_version=# { s#^gem_gem-wrappers_version=##;; p; }' -e '/^$/d'
++ /scripts/functions/db : __rvm_db()  36 > value='>=1.4.0'
++ /scripts/functions/db : __rvm_db()  38 > [[ -n >=1.4.0 ]]
++ /scripts/functions/db : __rvm_db()  39 > [[ -n gem_version ]]
++ /scripts/functions/db : __rvm_db()  40 > eval 'gem_version='\''>=1.4.0'\'''
+++ /scripts/functions/db : __rvm_db()  40 > gem_version='>=1.4.0'
++ /scripts/functions/db : __rvm_db()  43 > true
++ /scripts/functions/gemset : gem_install()  153 > ((  0 == 0  ))
++ /scripts/functions/gemset : gem_install()  153 > is_gem_installed
++ /scripts/functions/gemset : is_gem_installed()  125 > typeset gem_spec
++ /scripts/functions/gemset : is_gem_installed()  126 > gem_spec='gem '\''gem-wrappers'\'''
++ /scripts/functions/gemset : is_gem_installed()  128 > [[ -n >=1.4.0 ]]
++ /scripts/functions/gemset : is_gem_installed()  130 > gem_spec+=', '\''>=1.4.0'\'''
++ /scripts/functions/gemset : is_gem_installed()  131 > version_check=1.4.0
++ /scripts/functions/gemset : is_gem_installed()  135 > ls -ld /home/sec/.rvm/gems/ruby-2.5.1@global/gems/gem-wrappers-1.4.0
++ /scripts/functions/gemset : is_gem_installed()  136 > /home/sec/.rvm/rubies/ruby-2.5.1/bin/ruby -rrubygems -e 'gem '\''gem-wrappers'\'', '\''>=1.4.0'\'''
++ /scripts/functions/gemset : is_gem_installed()  137 > return 1
++ /scripts/functions/gemset : gem_install()  158 > gem_install_force
++ /scripts/functions/gemset : gem_install_force()  165 > typeset __available_gem
++ /scripts/functions/gemset : gem_install_force()  166 > typeset -a install_params
++ /scripts/functions/gemset : gem_install_force()  168 > install_params=()
+++ /scripts/functions/gemset : gem_install_force()  169 > ls -v1 /home/sec/.rvm/gem-cache/gem-wrappers-1.4.0.gem
+++ /scripts/functions/gemset : gem_install_force()  169 > tail -n 1
++ /scripts/functions/gemset : gem_install_force()  169 > __available_gem=/home/sec/.rvm/gem-cache/gem-wrappers-1.4.0.gem
++ /scripts/functions/gemset : gem_install_force()  171 > [[ -n /home/sec/.rvm/gem-cache/gem-wrappers-1.4.0.gem ]]
++ /scripts/functions/gemset : gem_install_force()  172 > install_params+=(--local)
++ /scripts/functions/gemset : gem_install_force()  177 > install_params+=(--no-ri --no-rdoc $rvm_gem_options)
++ /scripts/functions/gemset : gem_install_force()  180 > __rvm_log_command 'gem.install.gem-wrappers->=1.4.0' 'installing gem /home/sec/.rvm/gem-cache/gem-wrappers-1.4.0.gem --local --no-ri --no-rdoc' command gem install /home/sec/.rvm/gem-cache/gem-wrappers-1.4.0.gem --local --no-ri --no-rdoc
++ /scripts/functions/utility_logging : __rvm_log_command()  46 > typeset name message _command_start _command_name
++ /scripts/functions/utility_logging : __rvm_log_command()  47 > typeset -a _command
++ /scripts/functions/utility_logging : __rvm_log_command()  49 > name='gem.install.gem-wrappers->=1.4.0'
++ /scripts/functions/utility_logging : __rvm_log_command()  50 > message='installing gem /home/sec/.rvm/gem-cache/gem-wrappers-1.4.0.gem --local --no-ri --no-rdoc'
++ /scripts/functions/utility_logging : __rvm_log_command()  51 > shift 2
++ /scripts/functions/utility_logging : __rvm_log_command()  52 > _command=("$@")
++ /scripts/functions/utility_logging : __rvm_log_command()  53 > _command_start=command
++ /scripts/functions/utility_logging : __rvm_log_command()  54 > ((  7  ))
++ /scripts/functions/utility_logging : __rvm_log_command()  54 > [[ command == *\=* ]]
++ /scripts/functions/utility_logging : __rvm_log_command()  57 > _command_name=command
++ /scripts/functions/utility_logging : __rvm_log_command()  59 > [[ command != *\=* ]]
++ /scripts/functions/utility_logging : __rvm_log_command()  60 > __function_on_stack __rvm_log_command_internal
++ /scripts/functions/support : __function_on_stack()  504 > __rvm_string_includes '__function_on_stack __rvm_log_command gem_install_force gem_install gemset_import_list __rvm_log_dotted __rvm_log_command_internal __rvm_log_command gemset_import gemset_initial __rvm_with gemset_create __rvm_initial_gemsets_create_gemsets __rvm_initial_gemsets_create __rvm_install_source ruby_install __rvm_install_ruby __rvm_manage_rubies source __rvm_run_wrapper __rvm_cli_install_ruby rvm main' __rvm_log_command_internal
++ /scripts/functions/support : __rvm_string_includes()  491 > typeset __search '__text=__function_on_stack __rvm_log_command gem_install_force gem_install gemset_import_list __rvm_log_dotted __rvm_log_command_internal __rvm_log_command gemset_import gemset_initial __rvm_with gemset_create __rvm_initial_gemsets_create_gemsets __rvm_initial_gemsets_create __rvm_install_source ruby_install __rvm_install_ruby __rvm_manage_rubies source __rvm_run_wrapper __rvm_cli_install_ruby rvm main'
++ /scripts/functions/support : __rvm_string_includes()  492 > shift
++ /scripts/functions/support : __rvm_string_includes()  493 > for __search in "$@"
++ /scripts/functions/support : __rvm_string_includes()  495 > [[  __function_on_stack __rvm_log_command gem_install_force gem_install gemset_import_list __rvm_log_dotted __rvm_log_command_internal __rvm_log_command gemset_import gemset_initial __rvm_with gemset_create __rvm_initial_gemsets_create_gemsets __rvm_initial_gemsets_create __rvm_install_source ruby_install __rvm_install_ruby __rvm_manage_rubies source __rvm_run_wrapper __rvm_cli_install_ruby rvm main  == *\ \_\_\r\v\m\_\l\o\g\_\c\o\m\m\a\n\d\_\i\n\t\e\r\n\a\l\ * ]]
++ /scripts/functions/support : __rvm_string_includes()  496 > return 0
++ /scripts/functions/utility_logging : __rvm_log_command()  61 > __rvm_log_command_simple command gem install /home/sec/.rvm/gem-cache/gem-wrappers-1.4.0.gem --local --no-ri --no-rdoc
++ /scripts/functions/utility_logging : __rvm_log_command_simple()  81 > __rvm_log_command_debug
+++ /scripts/functions/utility_logging : __rvm_log_command_debug()  69 > __rvm_date '+%Y-%m-%d %H:%M:%S'
+++ /scripts/functions/support : __rvm_date()  277 > date '+%Y-%m-%d %H:%M:%S'
++ /scripts/functions/utility_logging : __rvm_log_command_debug()  69 > printf %b '[2018-12-10 04:05:20] command\n'
[2018-12-10 04:05:20] command
++ /scripts/functions/utility_logging : __rvm_log_command_debug()  70 > is_a_function command
++ /scripts/functions/support : is_a_function()  5 > typeset -f command
++ /scripts/functions/support : is_a_function()  5 > return 1
++ /scripts/functions/utility_logging : __rvm_log_command_debug()  73 > printf %b 'current path: /home/sec/.rvm/src/ruby-2.5.1\n'
current path: /home/sec/.rvm/src/ruby-2.5.1
++ /scripts/functions/utility_logging : __rvm_log_command_debug()  74 > env
++ /scripts/functions/utility_logging : __rvm_log_command_debug()  74 > __rvm_grep -E '^GEM_HOME=|^GEM_PATH=|^PATH='
++ /scripts/functions/support : __rvm_grep()  260 > GREP_OPTIONS=
++ /scripts/functions/support : __rvm_grep()  260 > command grep -E '^GEM_HOME=|^GEM_PATH=|^PATH='
++ /scripts/functions/support : __rvm_grep()  260 > grep -E '^GEM_HOME=|^GEM_PATH=|^PATH='
GEM_HOME=/home/sec/.rvm/gems/ruby-2.5.1@global
GEM_PATH=/home/sec/.rvm/gems/ruby-2.5.1@global
PATH=/home/sec/.rvm/gems/ruby-2.5.1@global/bin:/home/sec/.rvm/rubies/ruby-2.5.1/bin:/home/sec/.rvm/bin:/opt/anaconda3/bin:/opt/anaconda3/bin:/home/sec/bin:/usr/local/sbin:/usr/local/bin:/usr/sbin:/usr/bin:/sbin:/bin:/usr/games:/usr/local/games:/snap/bin:/home/sec/.dotnet/tools
++ /scripts/functions/utility_logging : __rvm_log_command_debug()  75 > printf %b 'command(7): command gem install /home/sec/.rvm/gem-cache/gem-wrappers-1.4.0.gem --local --no-ri --no-rdoc\n'
command(7): command gem install /home/sec/.rvm/gem-cache/gem-wrappers-1.4.0.gem --local --no-ri --no-rdoc
++ /scripts/functions/utility_logging : __rvm_log_command_simple()  82 > rvm_log 'installing gem /home/sec/.rvm/gem-cache/gem-wrappers-1.4.0.gem --local --no-ri --no-rdoc'
++ /scripts/functions/logging : rvm_log()  210 > [[ '' == 1 ]]
++ /scripts/functions/logging : rvm_log()  212 > printf %b 'installing gem /home/sec/.rvm/gem-cache/gem-wrappers-1.4.0.gem --local --no-ri --no-rdoc\n'
installing gem /home/sec/.rvm/gem-cache/gem-wrappers-1.4.0.gem --local --no-ri --no-rdoc
++ /scripts/functions/utility_logging : __rvm_log_command_simple()  83 > command gem install /home/sec/.rvm/gem-cache/gem-wrappers-1.4.0.gem --local --no-ri --no-rdoc
++ /scripts/functions/utility_logging : __rvm_log_command_simple()  83 > gem install /home/sec/.rvm/gem-cache/gem-wrappers-1.4.0.gem --local --no-ri --no-rdoc
Building native extensions. This could take a while...
Successfully installed gem-wrappers-1.4.0
1 gem installed
++ /scripts/functions/gemset : gem_install()  160 > true
++ /scripts/functions/gemset : gemset_import_list()  240 > for line in "$@"
++ /scripts/functions/gemset : gemset_import_list()  241 > gem_install rubygems-bundler
++ /scripts/functions/gemset : gem_install()  143 > typeset gem_name gem_version version_check
++ /scripts/functions/gemset : gem_install()  145 > gem_version=
++ /scripts/functions/gemset : gem_install()  146 > __rvm_parse_gems_args rubygems-bundler
++ /scripts/functions/gemset : __rvm_parse_gems_args()  100 > typeset gem=rubygems-bundler
++ /scripts/functions/gemset : __rvm_parse_gems_args()  102 > __rvm_string_match rubygems-bundler '*.gem$'
++ /scripts/functions/support : __rvm_string_match()  35 > typeset _string
++ /scripts/functions/support : __rvm_string_match()  36 > _string=rubygems-bundler
++ /scripts/functions/support : __rvm_string_match()  37 > shift
++ /scripts/functions/support : __rvm_string_match()  38 > ((  1  ))
++ /scripts/functions/support : __rvm_string_match()  40 > case "${_string}" in
++ /scripts/functions/support : __rvm_string_match()  43 > shift
++ /scripts/functions/support : __rvm_string_match()  38 > ((  0  ))
++ /scripts/functions/support : __rvm_string_match()  45 > return 1
++ /scripts/functions/gemset : __rvm_parse_gems_args()  107 > gem_name=rubygems-bundler
++ /scripts/functions/gemset : __rvm_parse_gems_args()  108 > case "$gem" in
++ /scripts/functions/gemset : gem_install()  148 > [[ -z '' ]]
++ /scripts/functions/gemset : gem_install()  149 > __rvm_db gem_rubygems-bundler_version gem_version
++ /scripts/functions/db : __rvm_db()  27 > typeset value key variable
++ /scripts/functions/db : __rvm_db()  28 > key=gem_rubygems-bundler_version
++ /scripts/functions/db : __rvm_db()  29 > variable=gem_version
++ /scripts/functions/db : __rvm_db()  30 > value=
++ /scripts/functions/db : __rvm_db()  32 > [[ -f /home/sec/.rvm/user/db ]]
+++ /scripts/functions/db : __rvm_db()  33 > __rvm_db_ /home/sec/.rvm/user/db gem_rubygems-bundler_version
+++ /scripts/functions/db : __rvm_db_()  77 > typeset __db __key __value
+++ /scripts/functions/db : __rvm_db_()  78 > __db=/home/sec/.rvm/user/db
+++ /scripts/functions/db : __rvm_db_()  79 > __key=gem_rubygems-bundler_version
+++ /scripts/functions/db : __rvm_db_()  80 > shift 2
+++ /scripts/functions/db : __rvm_db_()  81 > __value=
+++ /scripts/functions/db : __rvm_db_()  82 > case "${__value}" in
+++ /scripts/functions/db : __rvm_db_()  87 > __rvm_db_get /home/sec/.rvm/user/db gem_rubygems-bundler_version
+++ /scripts/functions/db : __rvm_db_get()  69 > [[ -f /home/sec/.rvm/user/db ]]
+++ /scripts/functions/db : __rvm_db_get()  70 > __rvm_sed -n -e '\#^gem_rubygems-bundler_version=# { s#^gem_rubygems-bundler_version=##;; p; }' -e '/^$/d'
+++ /scripts/functions/support : __rvm_sed()  277 > sed -n -e '\#^gem_rubygems-bundler_version=# { s#^gem_rubygems-bundler_version=##;; p; }' -e '/^$/d'
++ /scripts/functions/db : __rvm_db()  33 > value=
++ /scripts/functions/db : __rvm_db()  35 > [[ -z '' ]]
++ /scripts/functions/db : __rvm_db()  35 > [[ -f /home/sec/.rvm/config/db ]]
+++ /scripts/functions/db : __rvm_db()  36 > __rvm_db_ /home/sec/.rvm/config/db gem_rubygems-bundler_version
+++ /scripts/functions/db : __rvm_db_()  77 > typeset __db __key __value
+++ /scripts/functions/db : __rvm_db_()  78 > __db=/home/sec/.rvm/config/db
+++ /scripts/functions/db : __rvm_db_()  79 > __key=gem_rubygems-bundler_version
+++ /scripts/functions/db : __rvm_db_()  80 > shift 2
+++ /scripts/functions/db : __rvm_db_()  81 > __value=
+++ /scripts/functions/db : __rvm_db_()  82 > case "${__value}" in
+++ /scripts/functions/db : __rvm_db_()  87 > __rvm_db_get /home/sec/.rvm/config/db gem_rubygems-bundler_version
+++ /scripts/functions/db : __rvm_db_get()  69 > [[ -f /home/sec/.rvm/config/db ]]
+++ /scripts/functions/db : __rvm_db_get()  70 > __rvm_sed -n -e '\#^gem_rubygems-bundler_version=# { s#^gem_rubygems-bundler_version=##;; p; }' -e '/^$/d'
+++ /scripts/functions/support : __rvm_sed()  277 > sed -n -e '\#^gem_rubygems-bundler_version=# { s#^gem_rubygems-bundler_version=##;; p; }' -e '/^$/d'
++ /scripts/functions/db : __rvm_db()  36 > value=
++ /scripts/functions/db : __rvm_db()  38 > [[ -n '' ]]
++ /scripts/functions/db : __rvm_db()  38 > return 1
++ /scripts/functions/gemset : gem_install()  153 > ((  0 == 0  ))
++ /scripts/functions/gemset : gem_install()  153 > is_gem_installed
++ /scripts/functions/gemset : is_gem_installed()  125 > typeset gem_spec
++ /scripts/functions/gemset : is_gem_installed()  126 > gem_spec='gem '\''rubygems-bundler'\'''
++ /scripts/functions/gemset : is_gem_installed()  128 > [[ -n '' ]]
++ /scripts/functions/gemset : is_gem_installed()  133 > version_check='*([[:digit:]\.])'
++ /scripts/functions/gemset : is_gem_installed()  135 > ls -ld '/home/sec/.rvm/gems/ruby-2.5.1@global/gems/rubygems-bundler-*([[:digit:]\.])'
++ /scripts/functions/gemset : is_gem_installed()  136 > /home/sec/.rvm/rubies/ruby-2.5.1/bin/ruby -rrubygems -e 'gem '\''rubygems-bundler'\'''
++ /scripts/functions/gemset : is_gem_installed()  137 > return 1
++ /scripts/functions/gemset : gem_install()  158 > gem_install_force
++ /scripts/functions/gemset : gem_install_force()  165 > typeset __available_gem
++ /scripts/functions/gemset : gem_install_force()  166 > typeset -a install_params
++ /scripts/functions/gemset : gem_install_force()  168 > install_params=()
+++ /scripts/functions/gemset : gem_install_force()  169 > ls -v1 '/home/sec/.rvm/gem-cache/rubygems-bundler-*([[:digit:]\.]).gem'
+++ /scripts/functions/gemset : gem_install_force()  169 > tail -n 1
++ /scripts/functions/gemset : gem_install_force()  169 > __available_gem=
++ /scripts/functions/gemset : gem_install_force()  171 > [[ -n '' ]]
++ /scripts/functions/gemset : gem_install_force()  173 > [[ -n '' ]]
++ /scripts/functions/gemset : gem_install_force()  177 > install_params+=(--no-ri --no-rdoc $rvm_gem_options)
++ /scripts/functions/gemset : gem_install_force()  180 > __rvm_log_command gem.install.rubygems-bundler 'installing gem rubygems-bundler --no-ri --no-rdoc' command gem install rubygems-bundler --no-ri --no-rdoc
++ /scripts/functions/utility_logging : __rvm_log_command()  46 > typeset name message _command_start _command_name
++ /scripts/functions/utility_logging : __rvm_log_command()  47 > typeset -a _command
++ /scripts/functions/utility_logging : __rvm_log_command()  49 > name=gem.install.rubygems-bundler
++ /scripts/functions/utility_logging : __rvm_log_command()  50 > message='installing gem rubygems-bundler --no-ri --no-rdoc'
++ /scripts/functions/utility_logging : __rvm_log_command()  51 > shift 2
++ /scripts/functions/utility_logging : __rvm_log_command()  52 > _command=("$@")
++ /scripts/functions/utility_logging : __rvm_log_command()  53 > _command_start=command
++ /scripts/functions/utility_logging : __rvm_log_command()  54 > ((  6  ))
++ /scripts/functions/utility_logging : __rvm_log_command()  54 > [[ command == *\=* ]]
++ /scripts/functions/utility_logging : __rvm_log_command()  57 > _command_name=command
++ /scripts/functions/utility_logging : __rvm_log_command()  59 > [[ command != *\=* ]]
++ /scripts/functions/utility_logging : __rvm_log_command()  60 > __function_on_stack __rvm_log_command_internal
++ /scripts/functions/support : __function_on_stack()  504 > __rvm_string_includes '__function_on_stack __rvm_log_command gem_install_force gem_install gemset_import_list __rvm_log_dotted __rvm_log_command_internal __rvm_log_command gemset_import gemset_initial __rvm_with gemset_create __rvm_initial_gemsets_create_gemsets __rvm_initial_gemsets_create __rvm_install_source ruby_install __rvm_install_ruby __rvm_manage_rubies source __rvm_run_wrapper __rvm_cli_install_ruby rvm main' __rvm_log_command_internal
++ /scripts/functions/support : __rvm_string_includes()  491 > typeset __search '__text=__function_on_stack __rvm_log_command gem_install_force gem_install gemset_import_list __rvm_log_dotted __rvm_log_command_internal __rvm_log_command gemset_import gemset_initial __rvm_with gemset_create __rvm_initial_gemsets_create_gemsets __rvm_initial_gemsets_create __rvm_install_source ruby_install __rvm_install_ruby __rvm_manage_rubies source __rvm_run_wrapper __rvm_cli_install_ruby rvm main'
++ /scripts/functions/support : __rvm_string_includes()  492 > shift
++ /scripts/functions/support : __rvm_string_includes()  493 > for __search in "$@"
++ /scripts/functions/support : __rvm_string_includes()  495 > [[  __function_on_stack __rvm_log_command gem_install_force gem_install gemset_import_list __rvm_log_dotted __rvm_log_command_internal __rvm_log_command gemset_import gemset_initial __rvm_with gemset_create __rvm_initial_gemsets_create_gemsets __rvm_initial_gemsets_create __rvm_install_source ruby_install __rvm_install_ruby __rvm_manage_rubies source __rvm_run_wrapper __rvm_cli_install_ruby rvm main  == *\ \_\_\r\v\m\_\l\o\g\_\c\o\m\m\a\n\d\_\i\n\t\e\r\n\a\l\ * ]]
++ /scripts/functions/support : __rvm_string_includes()  496 > return 0
++ /scripts/functions/utility_logging : __rvm_log_command()  61 > __rvm_log_command_simple command gem install rubygems-bundler --no-ri --no-rdoc
++ /scripts/functions/utility_logging : __rvm_log_command_simple()  81 > __rvm_log_command_debug
+++ /scripts/functions/utility_logging : __rvm_log_command_debug()  69 > __rvm_date '+%Y-%m-%d %H:%M:%S'
+++ /scripts/functions/support : __rvm_date()  277 > date '+%Y-%m-%d %H:%M:%S'
++ /scripts/functions/utility_logging : __rvm_log_command_debug()  69 > printf %b '[2018-12-10 04:05:21] command\n'
[2018-12-10 04:05:21] command
++ /scripts/functions/utility_logging : __rvm_log_command_debug()  70 > is_a_function command
++ /scripts/functions/support : is_a_function()  5 > typeset -f command
++ /scripts/functions/support : is_a_function()  5 > return 1
++ /scripts/functions/utility_logging : __rvm_log_command_debug()  73 > printf %b 'current path: /home/sec/.rvm/src/ruby-2.5.1\n'
current path: /home/sec/.rvm/src/ruby-2.5.1
++ /scripts/functions/utility_logging : __rvm_log_command_debug()  74 > env
++ /scripts/functions/utility_logging : __rvm_log_command_debug()  74 > __rvm_grep -E '^GEM_HOME=|^GEM_PATH=|^PATH='
++ /scripts/functions/support : __rvm_grep()  260 > GREP_OPTIONS=
++ /scripts/functions/support : __rvm_grep()  260 > command grep -E '^GEM_HOME=|^GEM_PATH=|^PATH='
++ /scripts/functions/support : __rvm_grep()  260 > grep -E '^GEM_HOME=|^GEM_PATH=|^PATH='
GEM_HOME=/home/sec/.rvm/gems/ruby-2.5.1@global
GEM_PATH=/home/sec/.rvm/gems/ruby-2.5.1@global
PATH=/home/sec/.rvm/gems/ruby-2.5.1@global/bin:/home/sec/.rvm/rubies/ruby-2.5.1/bin:/home/sec/.rvm/bin:/opt/anaconda3/bin:/opt/anaconda3/bin:/home/sec/bin:/usr/local/sbin:/usr/local/bin:/usr/sbin:/usr/bin:/sbin:/bin:/usr/games:/usr/local/games:/snap/bin:/home/sec/.dotnet/tools
++ /scripts/functions/utility_logging : __rvm_log_command_debug()  75 > printf %b 'command(6): command gem install rubygems-bundler --no-ri --no-rdoc\n'
command(6): command gem install rubygems-bundler --no-ri --no-rdoc
++ /scripts/functions/utility_logging : __rvm_log_command_simple()  82 > rvm_log 'installing gem rubygems-bundler --no-ri --no-rdoc'
++ /scripts/functions/logging : rvm_log()  210 > [[ '' == 1 ]]
++ /scripts/functions/logging : rvm_log()  212 > printf %b 'installing gem rubygems-bundler --no-ri --no-rdoc\n'
installing gem rubygems-bundler --no-ri --no-rdoc
++ /scripts/functions/utility_logging : __rvm_log_command_simple()  83 > command gem install rubygems-bundler --no-ri --no-rdoc
++ /scripts/functions/utility_logging : __rvm_log_command_simple()  83 > gem install rubygems-bundler --no-ri --no-rdoc
ERROR:  Could not find a valid gem 'rubygems-bundler' (>= 0), here is why:
          Unable to download data from https://rubygems.org/ - Errno::EHOSTUNREACH: Failed to open TCP connection to 192.168.43.131:3128 (No route to host - connect(2) for "192.168.43.131" port 3128) (https://api.rubygems.org/specs.4.8.gz)
++ /scripts/functions/utility_logging : __rvm_log_command_simple()  83 > return 2
++ /scripts/functions/utility_logging : __rvm_log_command()  61 > return 2
++ /scripts/functions/gemset : gem_install_force()  183 > return 2
++ /scripts/functions/gemset : gem_install()  158 > return 2
++ /scripts/functions/gemset : gemset_import_list()  241 > rvm_error 'there was an error installing gem rubygems-bundler'
++ /scripts/functions/logging : rvm_error()  168 > rvm_pretty_print stderr
++ /scripts/functions/logging : rvm_pretty_print()  88 > case "${rvm_pretty_print_flag:=auto}" in
++ /scripts/functions/logging : rvm_pretty_print()  94 > case "${TERM:-dumb}" in
++ /scripts/functions/logging : rvm_pretty_print()  98 > case "$1" in
++ /scripts/functions/logging : rvm_pretty_print()  100 > [[ -t 2 ]]
++ /scripts/functions/logging : rvm_pretty_print()  100 > return 1
++ /scripts/functions/logging : rvm_error()  170 > printf %b 'there was an error installing gem rubygems-bundler\n'
++ /scripts/functions/gemset : gemset_import_list()  240 > for line in "$@"
++ /scripts/functions/gemset : gemset_import_list()  241 > gem_install rake
++ /scripts/functions/gemset : gem_install()  143 > typeset gem_name gem_version version_check
++ /scripts/functions/gemset : gem_install()  145 > gem_version=
++ /scripts/functions/gemset : gem_install()  146 > __rvm_parse_gems_args rake
++ /scripts/functions/gemset : __rvm_parse_gems_args()  100 > typeset gem=rake
++ /scripts/functions/gemset : __rvm_parse_gems_args()  102 > __rvm_string_match rake '*.gem$'
++ /scripts/functions/support : __rvm_string_match()  35 > typeset _string
++ /scripts/functions/support : __rvm_string_match()  36 > _string=rake
++ /scripts/functions/support : __rvm_string_match()  37 > shift
++ /scripts/functions/support : __rvm_string_match()  38 > ((  1  ))
++ /scripts/functions/support : __rvm_string_match()  40 > case "${_string}" in
++ /scripts/functions/support : __rvm_string_match()  43 > shift
++ /scripts/functions/support : __rvm_string_match()  38 > ((  0  ))
++ /scripts/functions/support : __rvm_string_match()  45 > return 1
++ /scripts/functions/gemset : __rvm_parse_gems_args()  107 > gem_name=rake
++ /scripts/functions/gemset : __rvm_parse_gems_args()  108 > case "$gem" in
++ /scripts/functions/gemset : gem_install()  148 > [[ -z '' ]]
++ /scripts/functions/gemset : gem_install()  149 > __rvm_db gem_rake_version gem_version
++ /scripts/functions/db : __rvm_db()  27 > typeset value key variable
++ /scripts/functions/db : __rvm_db()  28 > key=gem_rake_version
++ /scripts/functions/db : __rvm_db()  29 > variable=gem_version
++ /scripts/functions/db : __rvm_db()  30 > value=
++ /scripts/functions/db : __rvm_db()  32 > [[ -f /home/sec/.rvm/user/db ]]
+++ /scripts/functions/db : __rvm_db()  33 > __rvm_db_ /home/sec/.rvm/user/db gem_rake_version
+++ /scripts/functions/db : __rvm_db_()  77 > typeset __db __key __value
+++ /scripts/functions/db : __rvm_db_()  78 > __db=/home/sec/.rvm/user/db
+++ /scripts/functions/db : __rvm_db_()  79 > __key=gem_rake_version
+++ /scripts/functions/db : __rvm_db_()  80 > shift 2
+++ /scripts/functions/db : __rvm_db_()  81 > __value=
+++ /scripts/functions/db : __rvm_db_()  82 > case "${__value}" in
+++ /scripts/functions/db : __rvm_db_()  87 > __rvm_db_get /home/sec/.rvm/user/db gem_rake_version
+++ /scripts/functions/db : __rvm_db_get()  69 > [[ -f /home/sec/.rvm/user/db ]]
+++ /scripts/functions/db : __rvm_db_get()  70 > __rvm_sed -n -e '\#^gem_rake_version=# { s#^gem_rake_version=##;; p; }' -e '/^$/d'
+++ /scripts/functions/support : __rvm_sed()  277 > sed -n -e '\#^gem_rake_version=# { s#^gem_rake_version=##;; p; }' -e '/^$/d'
++ /scripts/functions/db : __rvm_db()  33 > value=
++ /scripts/functions/db : __rvm_db()  35 > [[ -z '' ]]
++ /scripts/functions/db : __rvm_db()  35 > [[ -f /home/sec/.rvm/config/db ]]
+++ /scripts/functions/db : __rvm_db()  36 > __rvm_db_ /home/sec/.rvm/config/db gem_rake_version
+++ /scripts/functions/db : __rvm_db_()  77 > typeset __db __key __value
+++ /scripts/functions/db : __rvm_db_()  78 > __db=/home/sec/.rvm/config/db
+++ /scripts/functions/db : __rvm_db_()  79 > __key=gem_rake_version
+++ /scripts/functions/db : __rvm_db_()  80 > shift 2
+++ /scripts/functions/db : __rvm_db_()  81 > __value=
+++ /scripts/functions/db : __rvm_db_()  82 > case "${__value}" in
+++ /scripts/functions/db : __rvm_db_()  87 > __rvm_db_get /home/sec/.rvm/config/db gem_rake_version
+++ /scripts/functions/db : __rvm_db_get()  69 > [[ -f /home/sec/.rvm/config/db ]]
+++ /scripts/functions/db : __rvm_db_get()  70 > __rvm_sed -n -e '\#^gem_rake_version=# { s#^gem_rake_version=##;; p; }' -e '/^$/d'
+++ /scripts/functions/support : __rvm_sed()  277 > sed -n -e '\#^gem_rake_version=# { s#^gem_rake_version=##;; p; }' -e '/^$/d'
++ /scripts/functions/db : __rvm_db()  36 > value=
++ /scripts/functions/db : __rvm_db()  38 > [[ -n '' ]]
++ /scripts/functions/db : __rvm_db()  38 > return 1
++ /scripts/functions/gemset : gem_install()  153 > ((  0 == 0  ))
++ /scripts/functions/gemset : gem_install()  153 > is_gem_installed
++ /scripts/functions/gemset : is_gem_installed()  125 > typeset gem_spec
++ /scripts/functions/gemset : is_gem_installed()  126 > gem_spec='gem '\''rake'\'''
++ /scripts/functions/gemset : is_gem_installed()  128 > [[ -n '' ]]
++ /scripts/functions/gemset : is_gem_installed()  133 > version_check='*([[:digit:]\.])'
++ /scripts/functions/gemset : is_gem_installed()  135 > ls -ld /home/sec/.rvm/gems/ruby-2.5.1@global/gems/rake-12.3.0
++ /scripts/functions/gemset : gem_install()  155 > rvm_log 'gem rake  is already installed'
++ /scripts/functions/logging : rvm_log()  210 > [[ '' == 1 ]]
++ /scripts/functions/logging : rvm_log()  212 > printf %b 'gem rake  is already installed\n'
gem rake  is already installed
++ /scripts/functions/gemset : gem_install()  156 > return 0
++ /scripts/functions/gemset : gemset_import_list()  240 > for line in "$@"
++ /scripts/functions/gemset : gemset_import_list()  241 > gem_install rvm
++ /scripts/functions/gemset : gem_install()  143 > typeset gem_name gem_version version_check
++ /scripts/functions/gemset : gem_install()  145 > gem_version=
++ /scripts/functions/gemset : gem_install()  146 > __rvm_parse_gems_args rvm
++ /scripts/functions/gemset : __rvm_parse_gems_args()  100 > typeset gem=rvm
++ /scripts/functions/gemset : __rvm_parse_gems_args()  102 > __rvm_string_match rvm '*.gem$'
++ /scripts/functions/support : __rvm_string_match()  35 > typeset _string
++ /scripts/functions/support : __rvm_string_match()  36 > _string=rvm
++ /scripts/functions/support : __rvm_string_match()  37 > shift
++ /scripts/functions/support : __rvm_string_match()  38 > ((  1  ))
++ /scripts/functions/support : __rvm_string_match()  40 > case "${_string}" in
++ /scripts/functions/support : __rvm_string_match()  43 > shift
++ /scripts/functions/support : __rvm_string_match()  38 > ((  0  ))
++ /scripts/functions/support : __rvm_string_match()  45 > return 1
++ /scripts/functions/gemset : __rvm_parse_gems_args()  107 > gem_name=rvm
++ /scripts/functions/gemset : __rvm_parse_gems_args()  108 > case "$gem" in
++ /scripts/functions/gemset : gem_install()  148 > [[ -z '' ]]
++ /scripts/functions/gemset : gem_install()  149 > __rvm_db gem_rvm_version gem_version
++ /scripts/functions/db : __rvm_db()  27 > typeset value key variable
++ /scripts/functions/db : __rvm_db()  28 > key=gem_rvm_version
++ /scripts/functions/db : __rvm_db()  29 > variable=gem_version
++ /scripts/functions/db : __rvm_db()  30 > value=
++ /scripts/functions/db : __rvm_db()  32 > [[ -f /home/sec/.rvm/user/db ]]
+++ /scripts/functions/db : __rvm_db()  33 > __rvm_db_ /home/sec/.rvm/user/db gem_rvm_version
+++ /scripts/functions/db : __rvm_db_()  77 > typeset __db __key __value
+++ /scripts/functions/db : __rvm_db_()  78 > __db=/home/sec/.rvm/user/db
+++ /scripts/functions/db : __rvm_db_()  79 > __key=gem_rvm_version
+++ /scripts/functions/db : __rvm_db_()  80 > shift 2
+++ /scripts/functions/db : __rvm_db_()  81 > __value=
+++ /scripts/functions/db : __rvm_db_()  82 > case "${__value}" in
+++ /scripts/functions/db : __rvm_db_()  87 > __rvm_db_get /home/sec/.rvm/user/db gem_rvm_version
+++ /scripts/functions/db : __rvm_db_get()  69 > [[ -f /home/sec/.rvm/user/db ]]
+++ /scripts/functions/db : __rvm_db_get()  70 > __rvm_sed -n -e '\#^gem_rvm_version=# { s#^gem_rvm_version=##;; p; }' -e '/^$/d'
+++ /scripts/functions/support : __rvm_sed()  277 > sed -n -e '\#^gem_rvm_version=# { s#^gem_rvm_version=##;; p; }' -e '/^$/d'
++ /scripts/functions/db : __rvm_db()  33 > value=
++ /scripts/functions/db : __rvm_db()  35 > [[ -z '' ]]
++ /scripts/functions/db : __rvm_db()  35 > [[ -f /home/sec/.rvm/config/db ]]
+++ /scripts/functions/db : __rvm_db()  36 > __rvm_db_ /home/sec/.rvm/config/db gem_rvm_version
+++ /scripts/functions/db : __rvm_db_()  77 > typeset __db __key __value
+++ /scripts/functions/db : __rvm_db_()  78 > __db=/home/sec/.rvm/config/db
+++ /scripts/functions/db : __rvm_db_()  79 > __key=gem_rvm_version
+++ /scripts/functions/db : __rvm_db_()  80 > shift 2
+++ /scripts/functions/db : __rvm_db_()  81 > __value=
+++ /scripts/functions/db : __rvm_db_()  82 > case "${__value}" in
+++ /scripts/functions/db : __rvm_db_()  87 > __rvm_db_get /home/sec/.rvm/config/db gem_rvm_version
+++ /scripts/functions/db : __rvm_db_get()  69 > [[ -f /home/sec/.rvm/config/db ]]
+++ /scripts/functions/db : __rvm_db_get()  70 > __rvm_sed -n -e '\#^gem_rvm_version=# { s#^gem_rvm_version=##;; p; }' -e '/^$/d'
+++ /scripts/functions/support : __rvm_sed()  277 > sed -n -e '\#^gem_rvm_version=# { s#^gem_rvm_version=##;; p; }' -e '/^$/d'
++ /scripts/functions/db : __rvm_db()  36 > value='>=1.11.3.9'
++ /scripts/functions/db : __rvm_db()  38 > [[ -n >=1.11.3.9 ]]
++ /scripts/functions/db : __rvm_db()  39 > [[ -n gem_version ]]
++ /scripts/functions/db : __rvm_db()  40 > eval 'gem_version='\''>=1.11.3.9'\'''
+++ /scripts/functions/db : __rvm_db()  40 > gem_version='>=1.11.3.9'
++ /scripts/functions/db : __rvm_db()  43 > true
++ /scripts/functions/gemset : gem_install()  153 > ((  0 == 0  ))
++ /scripts/functions/gemset : gem_install()  153 > is_gem_installed
++ /scripts/functions/gemset : is_gem_installed()  125 > typeset gem_spec
++ /scripts/functions/gemset : is_gem_installed()  126 > gem_spec='gem '\''rvm'\'''
++ /scripts/functions/gemset : is_gem_installed()  128 > [[ -n >=1.11.3.9 ]]
++ /scripts/functions/gemset : is_gem_installed()  130 > gem_spec+=', '\''>=1.11.3.9'\'''
++ /scripts/functions/gemset : is_gem_installed()  131 > version_check=1.11.3.9
++ /scripts/functions/gemset : is_gem_installed()  135 > ls -ld /home/sec/.rvm/gems/ruby-2.5.1@global/gems/rvm-1.11.3.9
++ /scripts/functions/gemset : is_gem_installed()  136 > /home/sec/.rvm/rubies/ruby-2.5.1/bin/ruby -rrubygems -e 'gem '\''rvm'\'', '\''>=1.11.3.9'\'''
++ /scripts/functions/gemset : is_gem_installed()  137 > return 1
++ /scripts/functions/gemset : gem_install()  158 > gem_install_force
++ /scripts/functions/gemset : gem_install_force()  165 > typeset __available_gem
++ /scripts/functions/gemset : gem_install_force()  166 > typeset -a install_params
++ /scripts/functions/gemset : gem_install_force()  168 > install_params=()
+++ /scripts/functions/gemset : gem_install_force()  169 > ls -v1 /home/sec/.rvm/gem-cache/rvm-1.11.3.9.gem
+++ /scripts/functions/gemset : gem_install_force()  169 > tail -n 1
++ /scripts/functions/gemset : gem_install_force()  169 > __available_gem=/home/sec/.rvm/gem-cache/rvm-1.11.3.9.gem
++ /scripts/functions/gemset : gem_install_force()  171 > [[ -n /home/sec/.rvm/gem-cache/rvm-1.11.3.9.gem ]]
++ /scripts/functions/gemset : gem_install_force()  172 > install_params+=(--local)
++ /scripts/functions/gemset : gem_install_force()  177 > install_params+=(--no-ri --no-rdoc $rvm_gem_options)
++ /scripts/functions/gemset : gem_install_force()  180 > __rvm_log_command 'gem.install.rvm->=1.11.3.9' 'installing gem /home/sec/.rvm/gem-cache/rvm-1.11.3.9.gem --local --no-ri --no-rdoc' command gem install /home/sec/.rvm/gem-cache/rvm-1.11.3.9.gem --local --no-ri --no-rdoc
++ /scripts/functions/utility_logging : __rvm_log_command()  46 > typeset name message _command_start _command_name
++ /scripts/functions/utility_logging : __rvm_log_command()  47 > typeset -a _command
++ /scripts/functions/utility_logging : __rvm_log_command()  49 > name='gem.install.rvm->=1.11.3.9'
++ /scripts/functions/utility_logging : __rvm_log_command()  50 > message='installing gem /home/sec/.rvm/gem-cache/rvm-1.11.3.9.gem --local --no-ri --no-rdoc'
++ /scripts/functions/utility_logging : __rvm_log_command()  51 > shift 2
++ /scripts/functions/utility_logging : __rvm_log_command()  52 > _command=("$@")
++ /scripts/functions/utility_logging : __rvm_log_command()  53 > _command_start=command
++ /scripts/functions/utility_logging : __rvm_log_command()  54 > ((  7  ))
++ /scripts/functions/utility_logging : __rvm_log_command()  54 > [[ command == *\=* ]]
++ /scripts/functions/utility_logging : __rvm_log_command()  57 > _command_name=command
++ /scripts/functions/utility_logging : __rvm_log_command()  59 > [[ command != *\=* ]]
++ /scripts/functions/utility_logging : __rvm_log_command()  60 > __function_on_stack __rvm_log_command_internal
++ /scripts/functions/support : __function_on_stack()  504 > __rvm_string_includes '__function_on_stack __rvm_log_command gem_install_force gem_install gemset_import_list __rvm_log_dotted __rvm_log_command_internal __rvm_log_command gemset_import gemset_initial __rvm_with gemset_create __rvm_initial_gemsets_create_gemsets __rvm_initial_gemsets_create __rvm_install_source ruby_install __rvm_install_ruby __rvm_manage_rubies source __rvm_run_wrapper __rvm_cli_install_ruby rvm main' __rvm_log_command_internal
++ /scripts/functions/support : __rvm_string_includes()  491 > typeset __search '__text=__function_on_stack __rvm_log_command gem_install_force gem_install gemset_import_list __rvm_log_dotted __rvm_log_command_internal __rvm_log_command gemset_import gemset_initial __rvm_with gemset_create __rvm_initial_gemsets_create_gemsets __rvm_initial_gemsets_create __rvm_install_source ruby_install __rvm_install_ruby __rvm_manage_rubies source __rvm_run_wrapper __rvm_cli_install_ruby rvm main'
++ /scripts/functions/support : __rvm_string_includes()  492 > shift
++ /scripts/functions/support : __rvm_string_includes()  493 > for __search in "$@"
++ /scripts/functions/support : __rvm_string_includes()  495 > [[  __function_on_stack __rvm_log_command gem_install_force gem_install gemset_import_list __rvm_log_dotted __rvm_log_command_internal __rvm_log_command gemset_import gemset_initial __rvm_with gemset_create __rvm_initial_gemsets_create_gemsets __rvm_initial_gemsets_create __rvm_install_source ruby_install __rvm_install_ruby __rvm_manage_rubies source __rvm_run_wrapper __rvm_cli_install_ruby rvm main  == *\ \_\_\r\v\m\_\l\o\g\_\c\o\m\m\a\n\d\_\i\n\t\e\r\n\a\l\ * ]]
++ /scripts/functions/support : __rvm_string_includes()  496 > return 0
++ /scripts/functions/utility_logging : __rvm_log_command()  61 > __rvm_log_command_simple command gem install /home/sec/.rvm/gem-cache/rvm-1.11.3.9.gem --local --no-ri --no-rdoc
++ /scripts/functions/utility_logging : __rvm_log_command_simple()  81 > __rvm_log_command_debug
+++ /scripts/functions/utility_logging : __rvm_log_command_debug()  69 > __rvm_date '+%Y-%m-%d %H:%M:%S'
+++ /scripts/functions/support : __rvm_date()  277 > date '+%Y-%m-%d %H:%M:%S'
++ /scripts/functions/utility_logging : __rvm_log_command_debug()  69 > printf %b '[2018-12-10 04:05:37] command\n'
[2018-12-10 04:05:37] command
++ /scripts/functions/utility_logging : __rvm_log_command_debug()  70 > is_a_function command
++ /scripts/functions/support : is_a_function()  5 > typeset -f command
++ /scripts/functions/support : is_a_function()  5 > return 1
++ /scripts/functions/utility_logging : __rvm_log_command_debug()  73 > printf %b 'current path: /home/sec/.rvm/src/ruby-2.5.1\n'
current path: /home/sec/.rvm/src/ruby-2.5.1
++ /scripts/functions/utility_logging : __rvm_log_command_debug()  74 > env
++ /scripts/functions/utility_logging : __rvm_log_command_debug()  74 > __rvm_grep -E '^GEM_HOME=|^GEM_PATH=|^PATH='
++ /scripts/functions/support : __rvm_grep()  260 > GREP_OPTIONS=
++ /scripts/functions/support : __rvm_grep()  260 > command grep -E '^GEM_HOME=|^GEM_PATH=|^PATH='
++ /scripts/functions/support : __rvm_grep()  260 > grep -E '^GEM_HOME=|^GEM_PATH=|^PATH='
GEM_HOME=/home/sec/.rvm/gems/ruby-2.5.1@global
GEM_PATH=/home/sec/.rvm/gems/ruby-2.5.1@global
PATH=/home/sec/.rvm/gems/ruby-2.5.1@global/bin:/home/sec/.rvm/rubies/ruby-2.5.1/bin:/home/sec/.rvm/bin:/opt/anaconda3/bin:/opt/anaconda3/bin:/home/sec/bin:/usr/local/sbin:/usr/local/bin:/usr/sbin:/usr/bin:/sbin:/bin:/usr/games:/usr/local/games:/snap/bin:/home/sec/.dotnet/tools
++ /scripts/functions/utility_logging : __rvm_log_command_debug()  75 > printf %b 'command(7): command gem install /home/sec/.rvm/gem-cache/rvm-1.11.3.9.gem --local --no-ri --no-rdoc\n'
command(7): command gem install /home/sec/.rvm/gem-cache/rvm-1.11.3.9.gem --local --no-ri --no-rdoc
++ /scripts/functions/utility_logging : __rvm_log_command_simple()  82 > rvm_log 'installing gem /home/sec/.rvm/gem-cache/rvm-1.11.3.9.gem --local --no-ri --no-rdoc'
++ /scripts/functions/logging : rvm_log()  210 > [[ '' == 1 ]]
++ /scripts/functions/logging : rvm_log()  212 > printf %b 'installing gem /home/sec/.rvm/gem-cache/rvm-1.11.3.9.gem --local --no-ri --no-rdoc\n'
installing gem /home/sec/.rvm/gem-cache/rvm-1.11.3.9.gem --local --no-ri --no-rdoc
++ /scripts/functions/utility_logging : __rvm_log_command_simple()  83 > command gem install /home/sec/.rvm/gem-cache/rvm-1.11.3.9.gem --local --no-ri --no-rdoc
++ /scripts/functions/utility_logging : __rvm_log_command_simple()  83 > gem install /home/sec/.rvm/gem-cache/rvm-1.11.3.9.gem --local --no-ri --no-rdoc
Successfully installed rvm-1.11.3.9
1 gem installed
++ /scripts/functions/gemset : gem_install()  160 > true
++ /scripts/functions/gemset : gemset_import_list()  240 > for line in "$@"
++ /scripts/functions/gemset : gemset_import_list()  241 > gem_install bundler
++ /scripts/functions/gemset : gem_install()  143 > typeset gem_name gem_version version_check
++ /scripts/functions/gemset : gem_install()  145 > gem_version=
++ /scripts/functions/gemset : gem_install()  146 > __rvm_parse_gems_args bundler
++ /scripts/functions/gemset : __rvm_parse_gems_args()  100 > typeset gem=bundler
++ /scripts/functions/gemset : __rvm_parse_gems_args()  102 > __rvm_string_match bundler '*.gem$'
++ /scripts/functions/support : __rvm_string_match()  35 > typeset _string
++ /scripts/functions/support : __rvm_string_match()  36 > _string=bundler
++ /scripts/functions/support : __rvm_string_match()  37 > shift
++ /scripts/functions/support : __rvm_string_match()  38 > ((  1  ))
++ /scripts/functions/support : __rvm_string_match()  40 > case "${_string}" in
++ /scripts/functions/support : __rvm_string_match()  43 > shift
++ /scripts/functions/support : __rvm_string_match()  38 > ((  0  ))
++ /scripts/functions/support : __rvm_string_match()  45 > return 1
++ /scripts/functions/gemset : __rvm_parse_gems_args()  107 > gem_name=bundler
++ /scripts/functions/gemset : __rvm_parse_gems_args()  108 > case "$gem" in
++ /scripts/functions/gemset : gem_install()  148 > [[ -z '' ]]
++ /scripts/functions/gemset : gem_install()  149 > __rvm_db gem_bundler_version gem_version
++ /scripts/functions/db : __rvm_db()  27 > typeset value key variable
++ /scripts/functions/db : __rvm_db()  28 > key=gem_bundler_version
++ /scripts/functions/db : __rvm_db()  29 > variable=gem_version
++ /scripts/functions/db : __rvm_db()  30 > value=
++ /scripts/functions/db : __rvm_db()  32 > [[ -f /home/sec/.rvm/user/db ]]
+++ /scripts/functions/db : __rvm_db()  33 > __rvm_db_ /home/sec/.rvm/user/db gem_bundler_version
+++ /scripts/functions/db : __rvm_db_()  77 > typeset __db __key __value
+++ /scripts/functions/db : __rvm_db_()  78 > __db=/home/sec/.rvm/user/db
+++ /scripts/functions/db : __rvm_db_()  79 > __key=gem_bundler_version
+++ /scripts/functions/db : __rvm_db_()  80 > shift 2
+++ /scripts/functions/db : __rvm_db_()  81 > __value=
+++ /scripts/functions/db : __rvm_db_()  82 > case "${__value}" in
+++ /scripts/functions/db : __rvm_db_()  87 > __rvm_db_get /home/sec/.rvm/user/db gem_bundler_version
+++ /scripts/functions/db : __rvm_db_get()  69 > [[ -f /home/sec/.rvm/user/db ]]
+++ /scripts/functions/db : __rvm_db_get()  70 > __rvm_sed -n -e '\#^gem_bundler_version=# { s#^gem_bundler_version=##;; p; }' -e '/^$/d'
+++ /scripts/functions/support : __rvm_sed()  277 > sed -n -e '\#^gem_bundler_version=# { s#^gem_bundler_version=##;; p; }' -e '/^$/d'
++ /scripts/functions/db : __rvm_db()  33 > value=
++ /scripts/functions/db : __rvm_db()  35 > [[ -z '' ]]
++ /scripts/functions/db : __rvm_db()  35 > [[ -f /home/sec/.rvm/config/db ]]
+++ /scripts/functions/db : __rvm_db()  36 > __rvm_db_ /home/sec/.rvm/config/db gem_bundler_version
+++ /scripts/functions/db : __rvm_db_()  77 > typeset __db __key __value
+++ /scripts/functions/db : __rvm_db_()  78 > __db=/home/sec/.rvm/config/db
+++ /scripts/functions/db : __rvm_db_()  79 > __key=gem_bundler_version
+++ /scripts/functions/db : __rvm_db_()  80 > shift 2
+++ /scripts/functions/db : __rvm_db_()  81 > __value=
+++ /scripts/functions/db : __rvm_db_()  82 > case "${__value}" in
+++ /scripts/functions/db : __rvm_db_()  87 > __rvm_db_get /home/sec/.rvm/config/db gem_bundler_version
+++ /scripts/functions/db : __rvm_db_get()  69 > [[ -f /home/sec/.rvm/config/db ]]
+++ /scripts/functions/db : __rvm_db_get()  70 > __rvm_sed -n -e '\#^gem_bundler_version=# { s#^gem_bundler_version=##;; p; }' -e '/^$/d'
+++ /scripts/functions/support : __rvm_sed()  277 > sed -n -e '\#^gem_bundler_version=# { s#^gem_bundler_version=##;; p; }' -e '/^$/d'
++ /scripts/functions/db : __rvm_db()  36 > value=
++ /scripts/functions/db : __rvm_db()  38 > [[ -n '' ]]
++ /scripts/functions/db : __rvm_db()  38 > return 1
++ /scripts/functions/gemset : gem_install()  153 > ((  0 == 0  ))
++ /scripts/functions/gemset : gem_install()  153 > is_gem_installed
++ /scripts/functions/gemset : is_gem_installed()  125 > typeset gem_spec
++ /scripts/functions/gemset : is_gem_installed()  126 > gem_spec='gem '\''bundler'\'''
++ /scripts/functions/gemset : is_gem_installed()  128 > [[ -n '' ]]
++ /scripts/functions/gemset : is_gem_installed()  133 > version_check='*([[:digit:]\.])'
++ /scripts/functions/gemset : is_gem_installed()  135 > ls -ld /home/sec/.rvm/gems/ruby-2.5.1@global/gems/bundler-1.16.6
++ /scripts/functions/gemset : gem_install()  155 > rvm_log 'gem bundler  is already installed'
++ /scripts/functions/logging : rvm_log()  210 > [[ '' == 1 ]]
++ /scripts/functions/logging : rvm_log()  212 > printf %b 'gem bundler  is already installed\n'
gem bundler  is already installed
++ /scripts/functions/gemset : gem_install()  156 > return 0
