[2018-12-10 06:15:15] __rvm_post_configure_ruby
__rvm_post_configure_ruby () 
{ 
    __rvm_post_configure_ruby_fix_athlon_sse2;
    __rvm_post_configure_ruby_update_setup
}
current path: /home/sec/.rvm/src/ruby-2.5.1
GEM_HOME=/home/sec/.rvm/gems/ruby-2.5.1
GEM_PATH=/home/sec/.rvm/gems/ruby-2.5.1:/home/sec/.rvm/gems/ruby-2.5.1@global
PATH=/home/sec/.rvm/gems/ruby-2.5.1/bin:/home/sec/.rvm/gems/ruby-2.5.1@global/bin:/home/sec/.rvm/rubies/ruby-2.5.1/bin:/opt/anaconda3/bin:/opt/anaconda3/bin:/home/sec/bin:/usr/local/sbin:/usr/local/bin:/usr/sbin:/usr/bin:/sbin:/bin:/usr/games:/usr/local/games:/snap/bin:/home/sec/.dotnet/tools:/home/sec/.rvm/bin:/home/sec/.rvm/bin:/home/sec/.rvm/bin
command(1): __rvm_post_configure_ruby
++ __rvm_post_configure_ruby_fix_athlon_sse2
++ [[ -f /proc/cpuinfo ]]
++ [[ -f Makefile ]]
++ __rvm_grep '^XCFLAGS = .*-msse2' Makefile
++ GREP_OPTIONS=
++ command grep '^XCFLAGS = .*-msse2' Makefile
++ grep '^XCFLAGS = .*-msse2' Makefile
++ return 1
++ __rvm_post_configure_ruby_update_setup
++ typeset option
++ ((  0 == 1  ))
