[2018-12-10 06:13:18] __rvm_rm_rf
__rvm_rm_rf () 
{ 
    __rvm_rm_rf_verbose "$@"
}
current path: /home/sec/Downloads
GEM_HOME=/home/sec/.rvm/gems/ruby-2.5.1
GEM_PATH=/home/sec/.rvm/gems/ruby-2.5.1:/home/sec/.rvm/gems/ruby-2.5.1@global
PATH=/home/sec/.rvm/gems/ruby-2.5.1/bin:/home/sec/.rvm/gems/ruby-2.5.1@global/bin:/home/sec/.rvm/rubies/ruby-2.5.1/bin:/opt/anaconda3/bin:/opt/anaconda3/bin:/home/sec/bin:/usr/local/sbin:/usr/local/bin:/usr/sbin:/usr/bin:/sbin:/bin:/usr/games:/usr/local/games:/snap/bin:/home/sec/.dotnet/tools:/home/sec/.rvm/bin:/home/sec/.rvm/bin:/home/sec/.rvm/bin
command(2): __rvm_rm_rf /home/sec/.rvm/rubies/ruby-2.5.1
++ __rvm_rm_rf_verbose /home/sec/.rvm/rubies/ruby-2.5.1
++ typeset target
++ target=/home/sec/.rvm/rubies/ruby-2.5.1
++ [[ -n '' ]]
++ [[ -n 4.4.19(1)-release ]]
++ builtin shopt -s extglob
++ case "${target}" in
++ [[ -z /home/sec/.rvm/rubies/ruby-2.5.1 ]]
++ [[ -d /home/sec/.rvm/rubies/ruby-2.5.1 ]]
++ command rm -rf /home/sec/.rvm/rubies/ruby-2.5.1
++ rm -rf /home/sec/.rvm/rubies/ruby-2.5.1
++ true
