[2018-12-10 06:13:28] requirements_debian_update_system
requirements_debian_update_system () 
{ 
    __rvm_try_sudo apt-get --quiet --yes update || { 
        \typeset __ret=$?;
        case ${__ret} in 
            100)
                rvm_error "There has been an error while updating your system using \`apt-get\`.
It seems that there are some 404 Not Found errors for repositories listed in:

    /etc/apt/sources.list
    /etc/apt/sources.list.d/*.list

Make sure that all repositories are available from your system and verify your setup by running manually:

    sudo apt-get update

Make sure that it works correctly before proceeding with RVM.

If you are working from the GUI instead of the terminal, you might want to verify and fix broken
repositories using \"Software & Updates\" application.
"
            ;;
        esac;
        return ${__ret}
    }
}
current path: /home/sec/Downloads
GEM_HOME=/home/sec/.rvm/gems/ruby-2.5.1
GEM_PATH=/home/sec/.rvm/gems/ruby-2.5.1:/home/sec/.rvm/gems/ruby-2.5.1@global
PATH=/home/sec/.rvm/gems/ruby-2.5.1/bin:/home/sec/.rvm/gems/ruby-2.5.1@global/bin:/home/sec/.rvm/rubies/ruby-2.5.1/bin:/opt/anaconda3/bin:/opt/anaconda3/bin:/home/sec/bin:/usr/local/sbin:/usr/local/bin:/usr/sbin:/usr/bin:/sbin:/bin:/usr/games:/usr/local/games:/snap/bin:/home/sec/.dotnet/tools:/home/sec/.rvm/bin:/home/sec/.rvm/bin:/home/sec/.rvm/bin
command(2): requirements_debian_update_system ruby-2.5.1
++ __rvm_try_sudo apt-get --quiet --yes update
++ typeset -a command_to_run
++ typeset sudo_path sbin_path missing_paths
++ command_to_run=("$@")
++ ((  UID == 0  ))
++ case "$rvm_autolibs_flag_number" in
++ is_a_function __rvm_sudo
++ typeset -f __rvm_sudo
++ missing_paths=
++ for sbin_path in /sbin /usr/sbin /usr/local/sbin
++ [[ -d /sbin ]]
++ [[ :/home/sec/.rvm/gems/ruby-2.5.1/bin:/home/sec/.rvm/gems/ruby-2.5.1@global/bin:/home/sec/.rvm/rubies/ruby-2.5.1/bin:/opt/anaconda3/bin:/opt/anaconda3/bin:/home/sec/bin:/usr/local/sbin:/usr/local/bin:/usr/sbin:/usr/bin:/sbin:/bin:/usr/games:/usr/local/games:/snap/bin:/home/sec/.dotnet/tools:/home/sec/.rvm/bin:/home/sec/.rvm/bin:/home/sec/.rvm/bin: != *\:\/\s\b\i\n\:* ]]
++ for sbin_path in /sbin /usr/sbin /usr/local/sbin
++ [[ -d /usr/sbin ]]
++ [[ :/home/sec/.rvm/gems/ruby-2.5.1/bin:/home/sec/.rvm/gems/ruby-2.5.1@global/bin:/home/sec/.rvm/rubies/ruby-2.5.1/bin:/opt/anaconda3/bin:/opt/anaconda3/bin:/home/sec/bin:/usr/local/sbin:/usr/local/bin:/usr/sbin:/usr/bin:/sbin:/bin:/usr/games:/usr/local/games:/snap/bin:/home/sec/.dotnet/tools:/home/sec/.rvm/bin:/home/sec/.rvm/bin:/home/sec/.rvm/bin: != *\:\/\u\s\r\/\s\b\i\n\:* ]]
++ for sbin_path in /sbin /usr/sbin /usr/local/sbin
++ [[ -d /usr/local/sbin ]]
++ [[ :/home/sec/.rvm/gems/ruby-2.5.1/bin:/home/sec/.rvm/gems/ruby-2.5.1@global/bin:/home/sec/.rvm/rubies/ruby-2.5.1/bin:/opt/anaconda3/bin:/opt/anaconda3/bin:/home/sec/bin:/usr/local/sbin:/usr/local/bin:/usr/sbin:/usr/bin:/sbin:/bin:/usr/games:/usr/local/games:/snap/bin:/home/sec/.dotnet/tools:/home/sec/.rvm/bin:/home/sec/.rvm/bin:/home/sec/.rvm/bin: != *\:\/\u\s\r\/\l\o\c\a\l\/\s\b\i\n\:* ]]
++ [[ -n '' ]]
++ command_to_run=(__rvm_sudo -p "%p password required for '$*': " "${command_to_run[@]}")
++ __rvm_sudo -p '%p password required for '\''apt-get --quiet --yes update'\'': ' apt-get --quiet --yes update
++ command sudo -p '%p password required for '\''apt-get --quiet --yes update'\'': ' apt-get --quiet --yes update
++ sudo -p '%p password required for '\''apt-get --quiet --yes update'\'': ' apt-get --quiet --yes update
Ign:1 http://dl.google.com/linux/chrome/deb stable InRelease
Hit:2 http://dl.google.com/linux/chrome/deb stable Release
Hit:3 http://packages.microsoft.com/repos/vscode stable InRelease
Hit:4 https://packages.microsoft.com/ubuntu/18.04/prod bionic InRelease
Get:5 http://security.ubuntu.com/ubuntu cosmic-security InRelease [83.2 kB]
Hit:6 http://id.archive.ubuntu.com/ubuntu cosmic InRelease
Hit:7 https://download.mono-project.com/repo/ubuntu vs-bionic InRelease
Hit:9 http://linux.teamviewer.com/deb stable InRelease
Hit:10 http://ppa.launchpad.net/nilarimogard/webupd8/ubuntu cosmic InRelease
Get:11 http://id.archive.ubuntu.com/ubuntu cosmic-updates InRelease [83.2 kB]
Get:12 http://id.archive.ubuntu.com/ubuntu cosmic-backports InRelease [74.6 kB]
Fetched 241 kB in 3s (94.9 kB/s)
Reading package lists...
